2020-08-21 21:14:10 Notice: Notice (8): Trying to get property 'name' of non-object in [/var/www/project/templates/Users/view.php, line 73]
Request URL: /users/view/1
Client IP: 172.29.0.1
Trace:
Cake\Error\BaseErrorHandler::handleError() - CORE/src/Error/BaseErrorHandler.php, line 188
DebugKit\Plugin::DebugKit\{closure}() - ROOT/vendor/cakephp/debug_kit/src/Plugin.php, line 105
include - ROOT/templates/Users/view.php, line 73
Cake\View\View::_evaluate() - CORE/src/View/View.php, line 1176
Cake\View\View::_render() - CORE/src/View/View.php, line 1134
Cake\View\View::render() - CORE/src/View/View.php, line 764
Cake\Controller\Controller::render() - CORE/src/Controller/Controller.php, line 694
Cake\Controller\Controller::invokeAction() - CORE/src/Controller/Controller.php, line 536
Cake\Controller\ControllerFactory::invoke() - CORE/src/Controller/ControllerFactory.php, line 79
Cake\Http\BaseApplication::handle() - CORE/src/Http/BaseApplication.php, line 251
Cake\Http\Runner::handle() - CORE/src/Http/Runner.php, line 77
Cake\Http\Middleware\CsrfProtectionMiddleware::process() - CORE/src/Http/Middleware/CsrfProtectionMiddleware.php, line 156
Cake\Http\Runner::handle() - CORE/src/Http/Runner.php, line 73
Cake\Http\Middleware\BodyParserMiddleware::process() - CORE/src/Http/Middleware/BodyParserMiddleware.php, line 159
Cake\Http\Runner::handle() - CORE/src/Http/Runner.php, line 73
Cake\Routing\Middleware\RoutingMiddleware::process() - CORE/src/Routing/Middleware/RoutingMiddleware.php, line 166
Cake\Http\Runner::handle() - CORE/src/Http/Runner.php, line 73
Cake\Routing\Middleware\AssetMiddleware::process() - CORE/src/Routing/Middleware/AssetMiddleware.php, line 68
Cake\Http\Runner::handle() - CORE/src/Http/Runner.php, line 73
Cake\Error\Middleware\ErrorHandlerMiddleware::process() - CORE/src/Error/Middleware/ErrorHandlerMiddleware.php, line 121
Cake\Http\Runner::handle() - CORE/src/Http/Runner.php, line 73
DebugKit\Middleware\DebugKitMiddleware::process() - ROOT/vendor/cakephp/debug_kit/src/Middleware/DebugKitMiddleware.php, line 60
Cake\Http\Runner::handle() - CORE/src/Http/Runner.php, line 73
Cake\Http\Runner::run() - CORE/src/Http/Runner.php, line 58
Cake\Http\Server::run() - CORE/src/Http/Server.php, line 90
[main] - ROOT/webroot/index.php, line 40

2020-08-21 21:14:21 Notice: Notice (8): Trying to get property 'name' of non-object in [/var/www/project/templates/Users/view.php, line 73]
Request URL: /users/view/1
Client IP: 172.29.0.1
Trace:
Cake\Error\BaseErrorHandler::handleError() - CORE/src/Error/BaseErrorHandler.php, line 188
DebugKit\Plugin::DebugKit\{closure}() - ROOT/vendor/cakephp/debug_kit/src/Plugin.php, line 105
include - ROOT/templates/Users/view.php, line 73
Cake\View\View::_evaluate() - CORE/src/View/View.php, line 1176
Cake\View\View::_render() - CORE/src/View/View.php, line 1134
Cake\View\View::render() - CORE/src/View/View.php, line 764
Cake\Controller\Controller::render() - CORE/src/Controller/Controller.php, line 694
Cake\Controller\Controller::invokeAction() - CORE/src/Controller/Controller.php, line 536
Cake\Controller\ControllerFactory::invoke() - CORE/src/Controller/ControllerFactory.php, line 79
Cake\Http\BaseApplication::handle() - CORE/src/Http/BaseApplication.php, line 251
Cake\Http\Runner::handle() - CORE/src/Http/Runner.php, line 77
Cake\Http\Middleware\CsrfProtectionMiddleware::process() - CORE/src/Http/Middleware/CsrfProtectionMiddleware.php, line 156
Cake\Http\Runner::handle() - CORE/src/Http/Runner.php, line 73
Cake\Http\Middleware\BodyParserMiddleware::process() - CORE/src/Http/Middleware/BodyParserMiddleware.php, line 159
Cake\Http\Runner::handle() - CORE/src/Http/Runner.php, line 73
Cake\Routing\Middleware\RoutingMiddleware::process() - CORE/src/Routing/Middleware/RoutingMiddleware.php, line 166
Cake\Http\Runner::handle() - CORE/src/Http/Runner.php, line 73
Cake\Routing\Middleware\AssetMiddleware::process() - CORE/src/Routing/Middleware/AssetMiddleware.php, line 68
Cake\Http\Runner::handle() - CORE/src/Http/Runner.php, line 73
Cake\Error\Middleware\ErrorHandlerMiddleware::process() - CORE/src/Error/Middleware/ErrorHandlerMiddleware.php, line 121
Cake\Http\Runner::handle() - CORE/src/Http/Runner.php, line 73
DebugKit\Middleware\DebugKitMiddleware::process() - ROOT/vendor/cakephp/debug_kit/src/Middleware/DebugKitMiddleware.php, line 60
Cake\Http\Runner::handle() - CORE/src/Http/Runner.php, line 73
Cake\Http\Runner::run() - CORE/src/Http/Runner.php, line 58
Cake\Http\Server::run() - CORE/src/Http/Server.php, line 90
[main] - ROOT/webroot/index.php, line 40

2020-08-21 21:16:34 Notice: Notice (8): Trying to get property 'name' of non-object in [/var/www/project/templates/Users/view.php, line 73]
Request URL: /users/view/1
Client IP: 172.29.0.1
Trace:
Cake\Error\BaseErrorHandler::handleError() - CORE/src/Error/BaseErrorHandler.php, line 188
DebugKit\Plugin::DebugKit\{closure}() - ROOT/vendor/cakephp/debug_kit/src/Plugin.php, line 105
include - ROOT/templates/Users/view.php, line 73
Cake\View\View::_evaluate() - CORE/src/View/View.php, line 1176
Cake\View\View::_render() - CORE/src/View/View.php, line 1134
Cake\View\View::render() - CORE/src/View/View.php, line 764
Cake\Controller\Controller::render() - CORE/src/Controller/Controller.php, line 694
Cake\Controller\Controller::invokeAction() - CORE/src/Controller/Controller.php, line 536
Cake\Controller\ControllerFactory::invoke() - CORE/src/Controller/ControllerFactory.php, line 79
Cake\Http\BaseApplication::handle() - CORE/src/Http/BaseApplication.php, line 251
Cake\Http\Runner::handle() - CORE/src/Http/Runner.php, line 77
Cake\Http\Middleware\CsrfProtectionMiddleware::process() - CORE/src/Http/Middleware/CsrfProtectionMiddleware.php, line 156
Cake\Http\Runner::handle() - CORE/src/Http/Runner.php, line 73
Cake\Http\Middleware\BodyParserMiddleware::process() - CORE/src/Http/Middleware/BodyParserMiddleware.php, line 159
Cake\Http\Runner::handle() - CORE/src/Http/Runner.php, line 73
Cake\Routing\Middleware\RoutingMiddleware::process() - CORE/src/Routing/Middleware/RoutingMiddleware.php, line 166
Cake\Http\Runner::handle() - CORE/src/Http/Runner.php, line 73
Cake\Routing\Middleware\AssetMiddleware::process() - CORE/src/Routing/Middleware/AssetMiddleware.php, line 68
Cake\Http\Runner::handle() - CORE/src/Http/Runner.php, line 73
Cake\Error\Middleware\ErrorHandlerMiddleware::process() - CORE/src/Error/Middleware/ErrorHandlerMiddleware.php, line 121
Cake\Http\Runner::handle() - CORE/src/Http/Runner.php, line 73
DebugKit\Middleware\DebugKitMiddleware::process() - ROOT/vendor/cakephp/debug_kit/src/Middleware/DebugKitMiddleware.php, line 60
Cake\Http\Runner::handle() - CORE/src/Http/Runner.php, line 73
Cake\Http\Runner::run() - CORE/src/Http/Runner.php, line 58
Cake\Http\Server::run() - CORE/src/Http/Server.php, line 90
[main] - ROOT/webroot/index.php, line 40

2020-08-21 22:27:18 Notice: Notice (1024): Undefined property: UsersController::$Authentication in /var/www/project/src/Controller/UsersController.php on line 17 in [/var/www/project/vendor/cakephp/cakephp/src/Controller/Controller.php, line 317]
Request URL: /users/login
Client IP: 172.29.0.1
Trace:
Cake\Error\BaseErrorHandler::handleError() - CORE/src/Error/BaseErrorHandler.php, line 188
DebugKit\Plugin::DebugKit\{closure}() - ROOT/vendor/cakephp/debug_kit/src/Plugin.php, line 105
Cake\Controller\Controller::__get() - CORE/src/Controller/Controller.php, line 317
App\Controller\UsersController::initialize() - APP/Controller/UsersController.php, line 17
Cake\Controller\Controller::__construct() - CORE/src/Controller/Controller.php, line 211
ReflectionClass::newInstance() - [internal], line ??
Cake\Controller\ControllerFactory::create() - CORE/src/Controller/ControllerFactory.php, line 56
Cake\Http\BaseApplication::handle() - CORE/src/Http/BaseApplication.php, line 249
Cake\Http\Runner::handle() - CORE/src/Http/Runner.php, line 77
Cake\Http\Middleware\CsrfProtectionMiddleware::process() - CORE/src/Http/Middleware/CsrfProtectionMiddleware.php, line 156
Cake\Http\Runner::handle() - CORE/src/Http/Runner.php, line 73
Cake\Http\Middleware\BodyParserMiddleware::process() - CORE/src/Http/Middleware/BodyParserMiddleware.php, line 159
Cake\Http\Runner::handle() - CORE/src/Http/Runner.php, line 73
Cake\Routing\Middleware\RoutingMiddleware::process() - CORE/src/Routing/Middleware/RoutingMiddleware.php, line 166
Cake\Http\Runner::handle() - CORE/src/Http/Runner.php, line 73
Cake\Routing\Middleware\AssetMiddleware::process() - CORE/src/Routing/Middleware/AssetMiddleware.php, line 68
Cake\Http\Runner::handle() - CORE/src/Http/Runner.php, line 73
Cake\Error\Middleware\ErrorHandlerMiddleware::process() - CORE/src/Error/Middleware/ErrorHandlerMiddleware.php, line 121
Cake\Http\Runner::handle() - CORE/src/Http/Runner.php, line 73
Authentication\Middleware\AuthenticationMiddleware::process() - ROOT/vendor/cakephp/authentication/src/Middleware/AuthenticationMiddleware.php, line 124
Cake\Http\Runner::handle() - CORE/src/Http/Runner.php, line 73
DebugKit\Middleware\DebugKitMiddleware::process() - ROOT/vendor/cakephp/debug_kit/src/Middleware/DebugKitMiddleware.php, line 60
Cake\Http\Runner::handle() - CORE/src/Http/Runner.php, line 73
Cake\Http\Runner::run() - CORE/src/Http/Runner.php, line 58
Cake\Http\Server::run() - CORE/src/Http/Server.php, line 90
[main] - ROOT/webroot/index.php, line 40

2020-08-21 22:29:03 Notice: Notice (1024): Undefined property: UsersController::$Authentication in /var/www/project/src/Controller/UsersController.php on line 17 in [/var/www/project/vendor/cakephp/cakephp/src/Controller/Controller.php, line 317]
Request URL: /users/login
Client IP: 172.29.0.1
Trace:
Cake\Error\BaseErrorHandler::handleError() - CORE/src/Error/BaseErrorHandler.php, line 188
DebugKit\Plugin::DebugKit\{closure}() - ROOT/vendor/cakephp/debug_kit/src/Plugin.php, line 105
Cake\Controller\Controller::__get() - CORE/src/Controller/Controller.php, line 317
App\Controller\UsersController::initialize() - APP/Controller/UsersController.php, line 17
Cake\Controller\Controller::__construct() - CORE/src/Controller/Controller.php, line 211
ReflectionClass::newInstance() - [internal], line ??
Cake\Controller\ControllerFactory::create() - CORE/src/Controller/ControllerFactory.php, line 56
Cake\Http\BaseApplication::handle() - CORE/src/Http/BaseApplication.php, line 249
Cake\Http\Runner::handle() - CORE/src/Http/Runner.php, line 77
Cake\Http\Middleware\CsrfProtectionMiddleware::process() - CORE/src/Http/Middleware/CsrfProtectionMiddleware.php, line 156
Cake\Http\Runner::handle() - CORE/src/Http/Runner.php, line 73
Cake\Http\Middleware\BodyParserMiddleware::process() - CORE/src/Http/Middleware/BodyParserMiddleware.php, line 159
Cake\Http\Runner::handle() - CORE/src/Http/Runner.php, line 73
Cake\Routing\Middleware\RoutingMiddleware::process() - CORE/src/Routing/Middleware/RoutingMiddleware.php, line 166
Cake\Http\Runner::handle() - CORE/src/Http/Runner.php, line 73
Cake\Routing\Middleware\AssetMiddleware::process() - CORE/src/Routing/Middleware/AssetMiddleware.php, line 68
Cake\Http\Runner::handle() - CORE/src/Http/Runner.php, line 73
Cake\Error\Middleware\ErrorHandlerMiddleware::process() - CORE/src/Error/Middleware/ErrorHandlerMiddleware.php, line 121
Cake\Http\Runner::handle() - CORE/src/Http/Runner.php, line 73
Authentication\Middleware\AuthenticationMiddleware::process() - ROOT/vendor/cakephp/authentication/src/Middleware/AuthenticationMiddleware.php, line 124
Cake\Http\Runner::handle() - CORE/src/Http/Runner.php, line 73
DebugKit\Middleware\DebugKitMiddleware::process() - ROOT/vendor/cakephp/debug_kit/src/Middleware/DebugKitMiddleware.php, line 60
Cake\Http\Runner::handle() - CORE/src/Http/Runner.php, line 73
Cake\Http\Runner::run() - CORE/src/Http/Runner.php, line 58
Cake\Http\Server::run() - CORE/src/Http/Server.php, line 90
[main] - ROOT/webroot/index.php, line 40

2020-08-21 22:30:43 Notice: Notice (1024): Undefined property: UsersController::$Authentication in /var/www/project/src/Controller/UsersController.php on line 17 in [/var/www/project/vendor/cakephp/cakephp/src/Controller/Controller.php, line 317]
Request URL: /users/login
Client IP: 172.29.0.1
Trace:
Cake\Error\BaseErrorHandler::handleError() - CORE/src/Error/BaseErrorHandler.php, line 188
DebugKit\Plugin::DebugKit\{closure}() - ROOT/vendor/cakephp/debug_kit/src/Plugin.php, line 105
Cake\Controller\Controller::__get() - CORE/src/Controller/Controller.php, line 317
App\Controller\UsersController::initialize() - APP/Controller/UsersController.php, line 17
Cake\Controller\Controller::__construct() - CORE/src/Controller/Controller.php, line 211
ReflectionClass::newInstance() - [internal], line ??
Cake\Controller\ControllerFactory::create() - CORE/src/Controller/ControllerFactory.php, line 56
Cake\Http\BaseApplication::handle() - CORE/src/Http/BaseApplication.php, line 249
Cake\Http\Runner::handle() - CORE/src/Http/Runner.php, line 77
Cake\Http\Middleware\CsrfProtectionMiddleware::process() - CORE/src/Http/Middleware/CsrfProtectionMiddleware.php, line 156
Cake\Http\Runner::handle() - CORE/src/Http/Runner.php, line 73
Cake\Http\Middleware\BodyParserMiddleware::process() - CORE/src/Http/Middleware/BodyParserMiddleware.php, line 159
Cake\Http\Runner::handle() - CORE/src/Http/Runner.php, line 73
Cake\Routing\Middleware\RoutingMiddleware::process() - CORE/src/Routing/Middleware/RoutingMiddleware.php, line 166
Cake\Http\Runner::handle() - CORE/src/Http/Runner.php, line 73
Cake\Routing\Middleware\AssetMiddleware::process() - CORE/src/Routing/Middleware/AssetMiddleware.php, line 68
Cake\Http\Runner::handle() - CORE/src/Http/Runner.php, line 73
Cake\Error\Middleware\ErrorHandlerMiddleware::process() - CORE/src/Error/Middleware/ErrorHandlerMiddleware.php, line 121
Cake\Http\Runner::handle() - CORE/src/Http/Runner.php, line 73
Authentication\Middleware\AuthenticationMiddleware::process() - ROOT/vendor/cakephp/authentication/src/Middleware/AuthenticationMiddleware.php, line 124
Cake\Http\Runner::handle() - CORE/src/Http/Runner.php, line 73
DebugKit\Middleware\DebugKitMiddleware::process() - ROOT/vendor/cakephp/debug_kit/src/Middleware/DebugKitMiddleware.php, line 60
Cake\Http\Runner::handle() - CORE/src/Http/Runner.php, line 73
Cake\Http\Runner::run() - CORE/src/Http/Runner.php, line 58
Cake\Http\Server::run() - CORE/src/Http/Server.php, line 90
[main] - ROOT/webroot/index.php, line 40

2020-08-21 22:36:12 Notice: Notice (1024): Undefined property: UsersController::$Authentication in /var/www/project/src/Controller/UsersController.php on line 17 in [/var/www/project/vendor/cakephp/cakephp/src/Controller/Controller.php, line 317]
Request URL: /users/login
Client IP: 172.29.0.1
Trace:
Cake\Error\BaseErrorHandler::handleError() - CORE/src/Error/BaseErrorHandler.php, line 188
DebugKit\Plugin::DebugKit\{closure}() - ROOT/vendor/cakephp/debug_kit/src/Plugin.php, line 105
Cake\Controller\Controller::__get() - CORE/src/Controller/Controller.php, line 317
App\Controller\UsersController::initialize() - APP/Controller/UsersController.php, line 17
Cake\Controller\Controller::__construct() - CORE/src/Controller/Controller.php, line 211
ReflectionClass::newInstance() - [internal], line ??
Cake\Controller\ControllerFactory::create() - CORE/src/Controller/ControllerFactory.php, line 56
Cake\Http\BaseApplication::handle() - CORE/src/Http/BaseApplication.php, line 249
Cake\Http\Runner::handle() - CORE/src/Http/Runner.php, line 77
Cake\Http\Middleware\CsrfProtectionMiddleware::process() - CORE/src/Http/Middleware/CsrfProtectionMiddleware.php, line 156
Cake\Http\Runner::handle() - CORE/src/Http/Runner.php, line 73
Cake\Http\Middleware\BodyParserMiddleware::process() - CORE/src/Http/Middleware/BodyParserMiddleware.php, line 159
Cake\Http\Runner::handle() - CORE/src/Http/Runner.php, line 73
Cake\Routing\Middleware\RoutingMiddleware::process() - CORE/src/Routing/Middleware/RoutingMiddleware.php, line 166
Cake\Http\Runner::handle() - CORE/src/Http/Runner.php, line 73
Cake\Routing\Middleware\AssetMiddleware::process() - CORE/src/Routing/Middleware/AssetMiddleware.php, line 68
Cake\Http\Runner::handle() - CORE/src/Http/Runner.php, line 73
Cake\Error\Middleware\ErrorHandlerMiddleware::process() - CORE/src/Error/Middleware/ErrorHandlerMiddleware.php, line 121
Cake\Http\Runner::handle() - CORE/src/Http/Runner.php, line 73
Authentication\Middleware\AuthenticationMiddleware::process() - ROOT/vendor/cakephp/authentication/src/Middleware/AuthenticationMiddleware.php, line 124
Cake\Http\Runner::handle() - CORE/src/Http/Runner.php, line 73
DebugKit\Middleware\DebugKitMiddleware::process() - ROOT/vendor/cakephp/debug_kit/src/Middleware/DebugKitMiddleware.php, line 60
Cake\Http\Runner::handle() - CORE/src/Http/Runner.php, line 73
Cake\Http\Runner::run() - CORE/src/Http/Runner.php, line 58
Cake\Http\Server::run() - CORE/src/Http/Server.php, line 90
[main] - ROOT/webroot/index.php, line 40

2020-08-21 22:43:12 Notice: Notice (1024): Undefined property: UsersController::$Authentication in /var/www/project/src/Controller/UsersController.php on line 17 in [/var/www/project/vendor/cakephp/cakephp/src/Controller/Controller.php, line 317]
Request URL: /users/login
Client IP: 172.29.0.1
Trace:
Cake\Error\BaseErrorHandler::handleError() - CORE/src/Error/BaseErrorHandler.php, line 188
DebugKit\Plugin::DebugKit\{closure}() - ROOT/vendor/cakephp/debug_kit/src/Plugin.php, line 105
Cake\Controller\Controller::__get() - CORE/src/Controller/Controller.php, line 317
App\Controller\UsersController::initialize() - APP/Controller/UsersController.php, line 17
Cake\Controller\Controller::__construct() - CORE/src/Controller/Controller.php, line 211
ReflectionClass::newInstance() - [internal], line ??
Cake\Controller\ControllerFactory::create() - CORE/src/Controller/ControllerFactory.php, line 56
Cake\Http\BaseApplication::handle() - CORE/src/Http/BaseApplication.php, line 249
Cake\Http\Runner::handle() - CORE/src/Http/Runner.php, line 77
Cake\Http\Middleware\CsrfProtectionMiddleware::process() - CORE/src/Http/Middleware/CsrfProtectionMiddleware.php, line 156
Cake\Http\Runner::handle() - CORE/src/Http/Runner.php, line 73
Cake\Http\Middleware\BodyParserMiddleware::process() - CORE/src/Http/Middleware/BodyParserMiddleware.php, line 159
Cake\Http\Runner::handle() - CORE/src/Http/Runner.php, line 73
Cake\Routing\Middleware\RoutingMiddleware::process() - CORE/src/Routing/Middleware/RoutingMiddleware.php, line 166
Cake\Http\Runner::handle() - CORE/src/Http/Runner.php, line 73
Cake\Routing\Middleware\AssetMiddleware::process() - CORE/src/Routing/Middleware/AssetMiddleware.php, line 68
Cake\Http\Runner::handle() - CORE/src/Http/Runner.php, line 73
Cake\Error\Middleware\ErrorHandlerMiddleware::process() - CORE/src/Error/Middleware/ErrorHandlerMiddleware.php, line 121
Cake\Http\Runner::handle() - CORE/src/Http/Runner.php, line 73
Authentication\Middleware\AuthenticationMiddleware::process() - ROOT/vendor/cakephp/authentication/src/Middleware/AuthenticationMiddleware.php, line 124
Cake\Http\Runner::handle() - CORE/src/Http/Runner.php, line 73
DebugKit\Middleware\DebugKitMiddleware::process() - ROOT/vendor/cakephp/debug_kit/src/Middleware/DebugKitMiddleware.php, line 60
Cake\Http\Runner::handle() - CORE/src/Http/Runner.php, line 73
Cake\Http\Runner::run() - CORE/src/Http/Runner.php, line 58
Cake\Http\Server::run() - CORE/src/Http/Server.php, line 90
[main] - ROOT/webroot/index.php, line 40

2020-08-21 22:45:04 Notice: Notice (1024): Undefined property: UsersController::$Authentication in /var/www/project/src/Controller/UsersController.php on line 17 in [/var/www/project/vendor/cakephp/cakephp/src/Controller/Controller.php, line 317]
Request URL: /users/login
Client IP: 172.29.0.1
Trace:
Cake\Error\BaseErrorHandler::handleError() - CORE/src/Error/BaseErrorHandler.php, line 188
DebugKit\Plugin::DebugKit\{closure}() - ROOT/vendor/cakephp/debug_kit/src/Plugin.php, line 105
Cake\Controller\Controller::__get() - CORE/src/Controller/Controller.php, line 317
App\Controller\UsersController::initialize() - APP/Controller/UsersController.php, line 17
Cake\Controller\Controller::__construct() - CORE/src/Controller/Controller.php, line 211
ReflectionClass::newInstance() - [internal], line ??
Cake\Controller\ControllerFactory::create() - CORE/src/Controller/ControllerFactory.php, line 56
Cake\Http\BaseApplication::handle() - CORE/src/Http/BaseApplication.php, line 249
Cake\Http\Runner::handle() - CORE/src/Http/Runner.php, line 77
Cake\Http\Middleware\CsrfProtectionMiddleware::process() - CORE/src/Http/Middleware/CsrfProtectionMiddleware.php, line 156
Cake\Http\Runner::handle() - CORE/src/Http/Runner.php, line 73
Cake\Http\Middleware\BodyParserMiddleware::process() - CORE/src/Http/Middleware/BodyParserMiddleware.php, line 159
Cake\Http\Runner::handle() - CORE/src/Http/Runner.php, line 73
Cake\Routing\Middleware\RoutingMiddleware::process() - CORE/src/Routing/Middleware/RoutingMiddleware.php, line 166
Cake\Http\Runner::handle() - CORE/src/Http/Runner.php, line 73
Cake\Routing\Middleware\AssetMiddleware::process() - CORE/src/Routing/Middleware/AssetMiddleware.php, line 68
Cake\Http\Runner::handle() - CORE/src/Http/Runner.php, line 73
Cake\Error\Middleware\ErrorHandlerMiddleware::process() - CORE/src/Error/Middleware/ErrorHandlerMiddleware.php, line 121
Cake\Http\Runner::handle() - CORE/src/Http/Runner.php, line 73
Authentication\Middleware\AuthenticationMiddleware::process() - ROOT/vendor/cakephp/authentication/src/Middleware/AuthenticationMiddleware.php, line 124
Cake\Http\Runner::handle() - CORE/src/Http/Runner.php, line 73
DebugKit\Middleware\DebugKitMiddleware::process() - ROOT/vendor/cakephp/debug_kit/src/Middleware/DebugKitMiddleware.php, line 60
Cake\Http\Runner::handle() - CORE/src/Http/Runner.php, line 73
Cake\Http\Runner::run() - CORE/src/Http/Runner.php, line 58
Cake\Http\Server::run() - CORE/src/Http/Server.php, line 90
[main] - ROOT/webroot/index.php, line 40

2020-08-21 22:47:33 Notice: Notice (1024): Undefined property: UsersController::$Authentication in /var/www/project/src/Controller/UsersController.php on line 17 in [/var/www/project/vendor/cakephp/cakephp/src/Controller/Controller.php, line 317]
Request URL: /users/login
Client IP: 172.29.0.1
Trace:
Cake\Error\BaseErrorHandler::handleError() - CORE/src/Error/BaseErrorHandler.php, line 188
DebugKit\Plugin::DebugKit\{closure}() - ROOT/vendor/cakephp/debug_kit/src/Plugin.php, line 105
Cake\Controller\Controller::__get() - CORE/src/Controller/Controller.php, line 317
App\Controller\UsersController::initialize() - APP/Controller/UsersController.php, line 17
Cake\Controller\Controller::__construct() - CORE/src/Controller/Controller.php, line 211
ReflectionClass::newInstance() - [internal], line ??
Cake\Controller\ControllerFactory::create() - CORE/src/Controller/ControllerFactory.php, line 56
Cake\Http\BaseApplication::handle() - CORE/src/Http/BaseApplication.php, line 249
Cake\Http\Runner::handle() - CORE/src/Http/Runner.php, line 77
Cake\Http\Middleware\CsrfProtectionMiddleware::process() - CORE/src/Http/Middleware/CsrfProtectionMiddleware.php, line 156
Cake\Http\Runner::handle() - CORE/src/Http/Runner.php, line 73
Cake\Http\Middleware\BodyParserMiddleware::process() - CORE/src/Http/Middleware/BodyParserMiddleware.php, line 159
Cake\Http\Runner::handle() - CORE/src/Http/Runner.php, line 73
Cake\Routing\Middleware\RoutingMiddleware::process() - CORE/src/Routing/Middleware/RoutingMiddleware.php, line 166
Cake\Http\Runner::handle() - CORE/src/Http/Runner.php, line 73
Cake\Routing\Middleware\AssetMiddleware::process() - CORE/src/Routing/Middleware/AssetMiddleware.php, line 68
Cake\Http\Runner::handle() - CORE/src/Http/Runner.php, line 73
Cake\Error\Middleware\ErrorHandlerMiddleware::process() - CORE/src/Error/Middleware/ErrorHandlerMiddleware.php, line 121
Cake\Http\Runner::handle() - CORE/src/Http/Runner.php, line 73
Authentication\Middleware\AuthenticationMiddleware::process() - ROOT/vendor/cakephp/authentication/src/Middleware/AuthenticationMiddleware.php, line 124
Cake\Http\Runner::handle() - CORE/src/Http/Runner.php, line 73
DebugKit\Middleware\DebugKitMiddleware::process() - ROOT/vendor/cakephp/debug_kit/src/Middleware/DebugKitMiddleware.php, line 60
Cake\Http\Runner::handle() - CORE/src/Http/Runner.php, line 73
Cake\Http\Runner::run() - CORE/src/Http/Runner.php, line 58
Cake\Http\Server::run() - CORE/src/Http/Server.php, line 90
[main] - ROOT/webroot/index.php, line 40

2020-08-21 22:48:42 Notice: Notice (1024): Undefined property: UsersController::$Authentication in /var/www/project/src/Controller/UsersController.php on line 17 in [/var/www/project/vendor/cakephp/cakephp/src/Controller/Controller.php, line 317]
Request URL: /users/login
Client IP: 172.29.0.1
Trace:
Cake\Error\BaseErrorHandler::handleError() - CORE/src/Error/BaseErrorHandler.php, line 188
DebugKit\Plugin::DebugKit\{closure}() - ROOT/vendor/cakephp/debug_kit/src/Plugin.php, line 105
Cake\Controller\Controller::__get() - CORE/src/Controller/Controller.php, line 317
App\Controller\UsersController::initialize() - APP/Controller/UsersController.php, line 17
Cake\Controller\Controller::__construct() - CORE/src/Controller/Controller.php, line 211
ReflectionClass::newInstance() - [internal], line ??
Cake\Controller\ControllerFactory::create() - CORE/src/Controller/ControllerFactory.php, line 56
Cake\Http\BaseApplication::handle() - CORE/src/Http/BaseApplication.php, line 249
Cake\Http\Runner::handle() - CORE/src/Http/Runner.php, line 77
Cake\Http\Middleware\CsrfProtectionMiddleware::process() - CORE/src/Http/Middleware/CsrfProtectionMiddleware.php, line 156
Cake\Http\Runner::handle() - CORE/src/Http/Runner.php, line 73
Cake\Http\Middleware\BodyParserMiddleware::process() - CORE/src/Http/Middleware/BodyParserMiddleware.php, line 159
Cake\Http\Runner::handle() - CORE/src/Http/Runner.php, line 73
Cake\Routing\Middleware\RoutingMiddleware::process() - CORE/src/Routing/Middleware/RoutingMiddleware.php, line 166
Cake\Http\Runner::handle() - CORE/src/Http/Runner.php, line 73
Cake\Routing\Middleware\AssetMiddleware::process() - CORE/src/Routing/Middleware/AssetMiddleware.php, line 68
Cake\Http\Runner::handle() - CORE/src/Http/Runner.php, line 73
Cake\Error\Middleware\ErrorHandlerMiddleware::process() - CORE/src/Error/Middleware/ErrorHandlerMiddleware.php, line 121
Cake\Http\Runner::handle() - CORE/src/Http/Runner.php, line 73
Authentication\Middleware\AuthenticationMiddleware::process() - ROOT/vendor/cakephp/authentication/src/Middleware/AuthenticationMiddleware.php, line 124
Cake\Http\Runner::handle() - CORE/src/Http/Runner.php, line 73
DebugKit\Middleware\DebugKitMiddleware::process() - ROOT/vendor/cakephp/debug_kit/src/Middleware/DebugKitMiddleware.php, line 60
Cake\Http\Runner::handle() - CORE/src/Http/Runner.php, line 73
Cake\Http\Runner::run() - CORE/src/Http/Runner.php, line 58
Cake\Http\Server::run() - CORE/src/Http/Server.php, line 90
[main] - ROOT/webroot/index.php, line 40

2020-08-21 22:49:22 Notice: Notice (1024): Undefined property: UsersController::$Authentication in /var/www/project/src/Controller/UsersController.php on line 17 in [/var/www/project/vendor/cakephp/cakephp/src/Controller/Controller.php, line 317]
Request URL: /users/login
Client IP: 172.29.0.1
Trace:
Cake\Error\BaseErrorHandler::handleError() - CORE/src/Error/BaseErrorHandler.php, line 188
DebugKit\Plugin::DebugKit\{closure}() - ROOT/vendor/cakephp/debug_kit/src/Plugin.php, line 105
Cake\Controller\Controller::__get() - CORE/src/Controller/Controller.php, line 317
App\Controller\UsersController::initialize() - APP/Controller/UsersController.php, line 17
Cake\Controller\Controller::__construct() - CORE/src/Controller/Controller.php, line 211
ReflectionClass::newInstance() - [internal], line ??
Cake\Controller\ControllerFactory::create() - CORE/src/Controller/ControllerFactory.php, line 56
Cake\Http\BaseApplication::handle() - CORE/src/Http/BaseApplication.php, line 249
Cake\Http\Runner::handle() - CORE/src/Http/Runner.php, line 77
Cake\Http\Middleware\CsrfProtectionMiddleware::process() - CORE/src/Http/Middleware/CsrfProtectionMiddleware.php, line 156
Cake\Http\Runner::handle() - CORE/src/Http/Runner.php, line 73
Cake\Http\Middleware\BodyParserMiddleware::process() - CORE/src/Http/Middleware/BodyParserMiddleware.php, line 159
Cake\Http\Runner::handle() - CORE/src/Http/Runner.php, line 73
Cake\Routing\Middleware\RoutingMiddleware::process() - CORE/src/Routing/Middleware/RoutingMiddleware.php, line 166
Cake\Http\Runner::handle() - CORE/src/Http/Runner.php, line 73
Cake\Routing\Middleware\AssetMiddleware::process() - CORE/src/Routing/Middleware/AssetMiddleware.php, line 68
Cake\Http\Runner::handle() - CORE/src/Http/Runner.php, line 73
Cake\Error\Middleware\ErrorHandlerMiddleware::process() - CORE/src/Error/Middleware/ErrorHandlerMiddleware.php, line 121
Cake\Http\Runner::handle() - CORE/src/Http/Runner.php, line 73
Authentication\Middleware\AuthenticationMiddleware::process() - ROOT/vendor/cakephp/authentication/src/Middleware/AuthenticationMiddleware.php, line 124
Cake\Http\Runner::handle() - CORE/src/Http/Runner.php, line 73
DebugKit\Middleware\DebugKitMiddleware::process() - ROOT/vendor/cakephp/debug_kit/src/Middleware/DebugKitMiddleware.php, line 60
Cake\Http\Runner::handle() - CORE/src/Http/Runner.php, line 73
Cake\Http\Runner::run() - CORE/src/Http/Runner.php, line 58
Cake\Http\Server::run() - CORE/src/Http/Server.php, line 90
[main] - ROOT/webroot/index.php, line 40

2020-08-21 22:49:51 Notice: Notice (1024): Undefined property: UsersController::$Authentication in /var/www/project/src/Controller/UsersController.php on line 17 in [/var/www/project/vendor/cakephp/cakephp/src/Controller/Controller.php, line 317]
Request URL: /users/login
Client IP: 172.29.0.1
Trace:
Cake\Error\BaseErrorHandler::handleError() - CORE/src/Error/BaseErrorHandler.php, line 188
DebugKit\Plugin::DebugKit\{closure}() - ROOT/vendor/cakephp/debug_kit/src/Plugin.php, line 105
Cake\Controller\Controller::__get() - CORE/src/Controller/Controller.php, line 317
App\Controller\UsersController::initialize() - APP/Controller/UsersController.php, line 17
Cake\Controller\Controller::__construct() - CORE/src/Controller/Controller.php, line 211
ReflectionClass::newInstance() - [internal], line ??
Cake\Controller\ControllerFactory::create() - CORE/src/Controller/ControllerFactory.php, line 56
Cake\Http\BaseApplication::handle() - CORE/src/Http/BaseApplication.php, line 249
Cake\Http\Runner::handle() - CORE/src/Http/Runner.php, line 77
Cake\Http\Middleware\CsrfProtectionMiddleware::process() - CORE/src/Http/Middleware/CsrfProtectionMiddleware.php, line 156
Cake\Http\Runner::handle() - CORE/src/Http/Runner.php, line 73
Cake\Http\Middleware\BodyParserMiddleware::process() - CORE/src/Http/Middleware/BodyParserMiddleware.php, line 159
Cake\Http\Runner::handle() - CORE/src/Http/Runner.php, line 73
Cake\Routing\Middleware\RoutingMiddleware::process() - CORE/src/Routing/Middleware/RoutingMiddleware.php, line 166
Cake\Http\Runner::handle() - CORE/src/Http/Runner.php, line 73
Cake\Routing\Middleware\AssetMiddleware::process() - CORE/src/Routing/Middleware/AssetMiddleware.php, line 68
Cake\Http\Runner::handle() - CORE/src/Http/Runner.php, line 73
Cake\Error\Middleware\ErrorHandlerMiddleware::process() - CORE/src/Error/Middleware/ErrorHandlerMiddleware.php, line 121
Cake\Http\Runner::handle() - CORE/src/Http/Runner.php, line 73
Authentication\Middleware\AuthenticationMiddleware::process() - ROOT/vendor/cakephp/authentication/src/Middleware/AuthenticationMiddleware.php, line 124
Cake\Http\Runner::handle() - CORE/src/Http/Runner.php, line 73
DebugKit\Middleware\DebugKitMiddleware::process() - ROOT/vendor/cakephp/debug_kit/src/Middleware/DebugKitMiddleware.php, line 60
Cake\Http\Runner::handle() - CORE/src/Http/Runner.php, line 73
Cake\Http\Runner::run() - CORE/src/Http/Runner.php, line 58
Cake\Http\Server::run() - CORE/src/Http/Server.php, line 90
[main] - ROOT/webroot/index.php, line 40

2020-08-21 23:15:53 Notice: Notice (8): Undefined variable: controller in [/var/www/project/vendor/cakephp/authentication/src/Controller/Component/AuthenticationComponent.php, line 172]
Request URL: /users
Client IP: 172.29.0.1
Trace:
Cake\Error\BaseErrorHandler::handleError() - CORE/src/Error/BaseErrorHandler.php, line 188
DebugKit\Plugin::DebugKit\{closure}() - ROOT/vendor/cakephp/debug_kit/src/Plugin.php, line 105
Authentication\Controller\Component\AuthenticationComponent::doIdentityCheck() - ROOT/vendor/cakephp/authentication/src/Controller/Component/AuthenticationComponent.php, line 172
Authentication\Controller\Component\AuthenticationComponent::startup() - ROOT/vendor/cakephp/authentication/src/Controller/Component/AuthenticationComponent.php, line 121
Cake\Event\EventManager::_callListener() - CORE/src/Event/EventManager.php, line 309
Cake\Event\EventManager::dispatch() - CORE/src/Event/EventManager.php, line 286
Cake\Controller\Controller::dispatchEvent() - CORE/src/Event/EventDispatcherTrait.php, line 92
Cake\Controller\Controller::startupProcess() - CORE/src/Controller/Controller.php, line 575
Cake\Controller\ControllerFactory::invoke() - CORE/src/Controller/ControllerFactory.php, line 72
Cake\Http\BaseApplication::handle() - CORE/src/Http/BaseApplication.php, line 251
Cake\Http\Runner::handle() - CORE/src/Http/Runner.php, line 77
Cake\Http\Middleware\CsrfProtectionMiddleware::process() - CORE/src/Http/Middleware/CsrfProtectionMiddleware.php, line 156
Cake\Http\Runner::handle() - CORE/src/Http/Runner.php, line 73
Cake\Http\Middleware\BodyParserMiddleware::process() - CORE/src/Http/Middleware/BodyParserMiddleware.php, line 159
Cake\Http\Runner::handle() - CORE/src/Http/Runner.php, line 73
Cake\Routing\Middleware\RoutingMiddleware::process() - CORE/src/Routing/Middleware/RoutingMiddleware.php, line 166
Cake\Http\Runner::handle() - CORE/src/Http/Runner.php, line 73
Cake\Routing\Middleware\AssetMiddleware::process() - CORE/src/Routing/Middleware/AssetMiddleware.php, line 68
Cake\Http\Runner::handle() - CORE/src/Http/Runner.php, line 73
Cake\Error\Middleware\ErrorHandlerMiddleware::process() - CORE/src/Error/Middleware/ErrorHandlerMiddleware.php, line 121
Cake\Http\Runner::handle() - CORE/src/Http/Runner.php, line 73
Authentication\Middleware\AuthenticationMiddleware::process() - ROOT/vendor/cakephp/authentication/src/Middleware/AuthenticationMiddleware.php, line 124
Cake\Http\Runner::handle() - CORE/src/Http/Runner.php, line 73
DebugKit\Middleware\DebugKitMiddleware::process() - ROOT/vendor/cakephp/debug_kit/src/Middleware/DebugKitMiddleware.php, line 60
Cake\Http\Runner::handle() - CORE/src/Http/Runner.php, line 73
Cake\Http\Runner::run() - CORE/src/Http/Runner.php, line 58
Cake\Http\Server::run() - CORE/src/Http/Server.php, line 90
[main] - ROOT/webroot/index.php, line 40

2020-08-22 09:39:21 Notice: Notice (8): Undefined variable: user in [/var/www/project/templates/Users/login.php, line 7]
Request URL: /users/login
Client IP: 172.29.0.1
Trace:
Cake\Error\BaseErrorHandler::handleError() - CORE/src/Error/BaseErrorHandler.php, line 188
DebugKit\Plugin::DebugKit\{closure}() - ROOT/vendor/cakephp/debug_kit/src/Plugin.php, line 105
include - ROOT/templates/Users/login.php, line 7
Cake\View\View::_evaluate() - CORE/src/View/View.php, line 1176
Cake\View\View::_render() - CORE/src/View/View.php, line 1134
Cake\View\View::render() - CORE/src/View/View.php, line 764
Cake\Controller\Controller::render() - CORE/src/Controller/Controller.php, line 694
Cake\Controller\Controller::invokeAction() - CORE/src/Controller/Controller.php, line 536
Cake\Controller\ControllerFactory::invoke() - CORE/src/Controller/ControllerFactory.php, line 79
Cake\Http\BaseApplication::handle() - CORE/src/Http/BaseApplication.php, line 251
Cake\Http\Runner::handle() - CORE/src/Http/Runner.php, line 77
Cake\Http\Middleware\CsrfProtectionMiddleware::process() - CORE/src/Http/Middleware/CsrfProtectionMiddleware.php, line 156
Cake\Http\Runner::handle() - CORE/src/Http/Runner.php, line 73
Cake\Http\Middleware\BodyParserMiddleware::process() - CORE/src/Http/Middleware/BodyParserMiddleware.php, line 159
Cake\Http\Runner::handle() - CORE/src/Http/Runner.php, line 73
Cake\Routing\Middleware\RoutingMiddleware::process() - CORE/src/Routing/Middleware/RoutingMiddleware.php, line 166
Cake\Http\Runner::handle() - CORE/src/Http/Runner.php, line 73
Cake\Routing\Middleware\AssetMiddleware::process() - CORE/src/Routing/Middleware/AssetMiddleware.php, line 68
Cake\Http\Runner::handle() - CORE/src/Http/Runner.php, line 73
Cake\Error\Middleware\ErrorHandlerMiddleware::process() - CORE/src/Error/Middleware/ErrorHandlerMiddleware.php, line 121
Cake\Http\Runner::handle() - CORE/src/Http/Runner.php, line 73
Authentication\Middleware\AuthenticationMiddleware::process() - ROOT/vendor/cakephp/authentication/src/Middleware/AuthenticationMiddleware.php, line 124
Cake\Http\Runner::handle() - CORE/src/Http/Runner.php, line 73
DebugKit\Middleware\DebugKitMiddleware::process() - ROOT/vendor/cakephp/debug_kit/src/Middleware/DebugKitMiddleware.php, line 60
Cake\Http\Runner::handle() - CORE/src/Http/Runner.php, line 73
Cake\Http\Runner::run() - CORE/src/Http/Runner.php, line 58
Cake\Http\Server::run() - CORE/src/Http/Server.php, line 90
[main] - ROOT/webroot/index.php, line 40

2020-08-22 09:41:55 Notice: Notice (8): Undefined variable: user in [/var/www/project/templates/Users/login.php, line 7]
Request URL: /users/login
Client IP: 172.29.0.1
Trace:
Cake\Error\BaseErrorHandler::handleError() - CORE/src/Error/BaseErrorHandler.php, line 188
DebugKit\Plugin::DebugKit\{closure}() - ROOT/vendor/cakephp/debug_kit/src/Plugin.php, line 105
include - ROOT/templates/Users/login.php, line 7
Cake\View\View::_evaluate() - CORE/src/View/View.php, line 1176
Cake\View\View::_render() - CORE/src/View/View.php, line 1134
Cake\View\View::render() - CORE/src/View/View.php, line 764
Cake\Controller\Controller::render() - CORE/src/Controller/Controller.php, line 694
Cake\Controller\Controller::invokeAction() - CORE/src/Controller/Controller.php, line 536
Cake\Controller\ControllerFactory::invoke() - CORE/src/Controller/ControllerFactory.php, line 79
Cake\Http\BaseApplication::handle() - CORE/src/Http/BaseApplication.php, line 251
Cake\Http\Runner::handle() - CORE/src/Http/Runner.php, line 77
Cake\Http\Middleware\CsrfProtectionMiddleware::process() - CORE/src/Http/Middleware/CsrfProtectionMiddleware.php, line 156
Cake\Http\Runner::handle() - CORE/src/Http/Runner.php, line 73
Cake\Http\Middleware\BodyParserMiddleware::process() - CORE/src/Http/Middleware/BodyParserMiddleware.php, line 159
Cake\Http\Runner::handle() - CORE/src/Http/Runner.php, line 73
Cake\Routing\Middleware\RoutingMiddleware::process() - CORE/src/Routing/Middleware/RoutingMiddleware.php, line 166
Cake\Http\Runner::handle() - CORE/src/Http/Runner.php, line 73
Cake\Routing\Middleware\AssetMiddleware::process() - CORE/src/Routing/Middleware/AssetMiddleware.php, line 68
Cake\Http\Runner::handle() - CORE/src/Http/Runner.php, line 73
Cake\Error\Middleware\ErrorHandlerMiddleware::process() - CORE/src/Error/Middleware/ErrorHandlerMiddleware.php, line 121
Cake\Http\Runner::handle() - CORE/src/Http/Runner.php, line 73
Authentication\Middleware\AuthenticationMiddleware::process() - ROOT/vendor/cakephp/authentication/src/Middleware/AuthenticationMiddleware.php, line 124
Cake\Http\Runner::handle() - CORE/src/Http/Runner.php, line 73
DebugKit\Middleware\DebugKitMiddleware::process() - ROOT/vendor/cakephp/debug_kit/src/Middleware/DebugKitMiddleware.php, line 60
Cake\Http\Runner::handle() - CORE/src/Http/Runner.php, line 73
Cake\Http\Runner::run() - CORE/src/Http/Runner.php, line 58
Cake\Http\Server::run() - CORE/src/Http/Server.php, line 90
[main] - ROOT/webroot/index.php, line 40

2020-08-22 09:42:13 Notice: Notice (8): Undefined variable: user in [/var/www/project/templates/Users/login.php, line 7]
Request URL: /users/login
Client IP: 172.29.0.1
Trace:
Cake\Error\BaseErrorHandler::handleError() - CORE/src/Error/BaseErrorHandler.php, line 188
DebugKit\Plugin::DebugKit\{closure}() - ROOT/vendor/cakephp/debug_kit/src/Plugin.php, line 105
include - ROOT/templates/Users/login.php, line 7
Cake\View\View::_evaluate() - CORE/src/View/View.php, line 1176
Cake\View\View::_render() - CORE/src/View/View.php, line 1134
Cake\View\View::render() - CORE/src/View/View.php, line 764
Cake\Controller\Controller::render() - CORE/src/Controller/Controller.php, line 694
Cake\Controller\Controller::invokeAction() - CORE/src/Controller/Controller.php, line 536
Cake\Controller\ControllerFactory::invoke() - CORE/src/Controller/ControllerFactory.php, line 79
Cake\Http\BaseApplication::handle() - CORE/src/Http/BaseApplication.php, line 251
Cake\Http\Runner::handle() - CORE/src/Http/Runner.php, line 77
Cake\Http\Middleware\CsrfProtectionMiddleware::process() - CORE/src/Http/Middleware/CsrfProtectionMiddleware.php, line 156
Cake\Http\Runner::handle() - CORE/src/Http/Runner.php, line 73
Cake\Http\Middleware\BodyParserMiddleware::process() - CORE/src/Http/Middleware/BodyParserMiddleware.php, line 159
Cake\Http\Runner::handle() - CORE/src/Http/Runner.php, line 73
Cake\Routing\Middleware\RoutingMiddleware::process() - CORE/src/Routing/Middleware/RoutingMiddleware.php, line 166
Cake\Http\Runner::handle() - CORE/src/Http/Runner.php, line 73
Cake\Routing\Middleware\AssetMiddleware::process() - CORE/src/Routing/Middleware/AssetMiddleware.php, line 68
Cake\Http\Runner::handle() - CORE/src/Http/Runner.php, line 73
Cake\Error\Middleware\ErrorHandlerMiddleware::process() - CORE/src/Error/Middleware/ErrorHandlerMiddleware.php, line 121
Cake\Http\Runner::handle() - CORE/src/Http/Runner.php, line 73
Authentication\Middleware\AuthenticationMiddleware::process() - ROOT/vendor/cakephp/authentication/src/Middleware/AuthenticationMiddleware.php, line 124
Cake\Http\Runner::handle() - CORE/src/Http/Runner.php, line 73
DebugKit\Middleware\DebugKitMiddleware::process() - ROOT/vendor/cakephp/debug_kit/src/Middleware/DebugKitMiddleware.php, line 60
Cake\Http\Runner::handle() - CORE/src/Http/Runner.php, line 73
Cake\Http\Runner::run() - CORE/src/Http/Runner.php, line 58
Cake\Http\Server::run() - CORE/src/Http/Server.php, line 90
[main] - ROOT/webroot/index.php, line 40

2020-08-22 09:43:38 Notice: Notice (8): Undefined variable: user in [/var/www/project/templates/Users/login.php, line 7]
Request URL: /users/login
Client IP: 172.29.0.1
Trace:
Cake\Error\BaseErrorHandler::handleError() - CORE/src/Error/BaseErrorHandler.php, line 188
DebugKit\Plugin::DebugKit\{closure}() - ROOT/vendor/cakephp/debug_kit/src/Plugin.php, line 105
include - ROOT/templates/Users/login.php, line 7
Cake\View\View::_evaluate() - CORE/src/View/View.php, line 1176
Cake\View\View::_render() - CORE/src/View/View.php, line 1134
Cake\View\View::render() - CORE/src/View/View.php, line 764
Cake\Controller\Controller::render() - CORE/src/Controller/Controller.php, line 694
Cake\Controller\Controller::invokeAction() - CORE/src/Controller/Controller.php, line 536
Cake\Controller\ControllerFactory::invoke() - CORE/src/Controller/ControllerFactory.php, line 79
Cake\Http\BaseApplication::handle() - CORE/src/Http/BaseApplication.php, line 251
Cake\Http\Runner::handle() - CORE/src/Http/Runner.php, line 77
Cake\Http\Middleware\CsrfProtectionMiddleware::process() - CORE/src/Http/Middleware/CsrfProtectionMiddleware.php, line 156
Cake\Http\Runner::handle() - CORE/src/Http/Runner.php, line 73
Cake\Http\Middleware\BodyParserMiddleware::process() - CORE/src/Http/Middleware/BodyParserMiddleware.php, line 159
Cake\Http\Runner::handle() - CORE/src/Http/Runner.php, line 73
Cake\Routing\Middleware\RoutingMiddleware::process() - CORE/src/Routing/Middleware/RoutingMiddleware.php, line 166
Cake\Http\Runner::handle() - CORE/src/Http/Runner.php, line 73
Cake\Routing\Middleware\AssetMiddleware::process() - CORE/src/Routing/Middleware/AssetMiddleware.php, line 68
Cake\Http\Runner::handle() - CORE/src/Http/Runner.php, line 73
Cake\Error\Middleware\ErrorHandlerMiddleware::process() - CORE/src/Error/Middleware/ErrorHandlerMiddleware.php, line 121
Cake\Http\Runner::handle() - CORE/src/Http/Runner.php, line 73
Authentication\Middleware\AuthenticationMiddleware::process() - ROOT/vendor/cakephp/authentication/src/Middleware/AuthenticationMiddleware.php, line 124
Cake\Http\Runner::handle() - CORE/src/Http/Runner.php, line 73
DebugKit\Middleware\DebugKitMiddleware::process() - ROOT/vendor/cakephp/debug_kit/src/Middleware/DebugKitMiddleware.php, line 60
Cake\Http\Runner::handle() - CORE/src/Http/Runner.php, line 73
Cake\Http\Runner::run() - CORE/src/Http/Runner.php, line 58
Cake\Http\Server::run() - CORE/src/Http/Server.php, line 90
[main] - ROOT/webroot/index.php, line 40

2020-08-22 10:11:52 Notice: Notice (1024): Undefined property: UsersController::$User in /var/www/project/src/Controller/UsersController.php on line 135 in [/var/www/project/vendor/cakephp/cakephp/src/Controller/Controller.php, line 317]
Request URL: /users/register
Referer URL: http://localhost/users/register
Client IP: 172.29.0.1
Trace:
Cake\Error\BaseErrorHandler::handleError() - CORE/src/Error/BaseErrorHandler.php, line 188
DebugKit\Plugin::DebugKit\{closure}() - ROOT/vendor/cakephp/debug_kit/src/Plugin.php, line 105
Cake\Controller\Controller::__get() - CORE/src/Controller/Controller.php, line 317
App\Controller\UsersController::register() - APP/Controller/UsersController.php, line 135
Cake\Controller\Controller::invokeAction() - CORE/src/Controller/Controller.php, line 527
Cake\Controller\ControllerFactory::invoke() - CORE/src/Controller/ControllerFactory.php, line 79
Cake\Http\BaseApplication::handle() - CORE/src/Http/BaseApplication.php, line 251
Cake\Http\Runner::handle() - CORE/src/Http/Runner.php, line 77
Cake\Http\Middleware\CsrfProtectionMiddleware::process() - CORE/src/Http/Middleware/CsrfProtectionMiddleware.php, line 156
Cake\Http\Runner::handle() - CORE/src/Http/Runner.php, line 73
Cake\Http\Middleware\BodyParserMiddleware::process() - CORE/src/Http/Middleware/BodyParserMiddleware.php, line 164
Cake\Http\Runner::handle() - CORE/src/Http/Runner.php, line 73
Cake\Routing\Middleware\RoutingMiddleware::process() - CORE/src/Routing/Middleware/RoutingMiddleware.php, line 166
Cake\Http\Runner::handle() - CORE/src/Http/Runner.php, line 73
Cake\Routing\Middleware\AssetMiddleware::process() - CORE/src/Routing/Middleware/AssetMiddleware.php, line 68
Cake\Http\Runner::handle() - CORE/src/Http/Runner.php, line 73
Cake\Error\Middleware\ErrorHandlerMiddleware::process() - CORE/src/Error/Middleware/ErrorHandlerMiddleware.php, line 121
Cake\Http\Runner::handle() - CORE/src/Http/Runner.php, line 73
Authentication\Middleware\AuthenticationMiddleware::process() - ROOT/vendor/cakephp/authentication/src/Middleware/AuthenticationMiddleware.php, line 124
Cake\Http\Runner::handle() - CORE/src/Http/Runner.php, line 73
DebugKit\Middleware\DebugKitMiddleware::process() - ROOT/vendor/cakephp/debug_kit/src/Middleware/DebugKitMiddleware.php, line 60
Cake\Http\Runner::handle() - CORE/src/Http/Runner.php, line 73
Cake\Http\Runner::run() - CORE/src/Http/Runner.php, line 58
Cake\Http\Server::run() - CORE/src/Http/Server.php, line 90
[main] - ROOT/webroot/index.php, line 40

2020-08-22 10:28:25 Notice: Notice (8): Undefined variable: ths in [/var/www/project/src/Controller/UsersController.php, line 27]
Request URL: /users/
Client IP: 172.29.0.1
Trace:
Cake\Error\BaseErrorHandler::handleError() - CORE/src/Error/BaseErrorHandler.php, line 188
DebugKit\Plugin::DebugKit\{closure}() - ROOT/vendor/cakephp/debug_kit/src/Plugin.php, line 105
App\Controller\UsersController::index() - APP/Controller/UsersController.php, line 27
Cake\Controller\Controller::invokeAction() - CORE/src/Controller/Controller.php, line 527
Cake\Controller\ControllerFactory::invoke() - CORE/src/Controller/ControllerFactory.php, line 79
Cake\Http\BaseApplication::handle() - CORE/src/Http/BaseApplication.php, line 251
Cake\Http\Runner::handle() - CORE/src/Http/Runner.php, line 77
Cake\Http\Middleware\CsrfProtectionMiddleware::process() - CORE/src/Http/Middleware/CsrfProtectionMiddleware.php, line 156
Cake\Http\Runner::handle() - CORE/src/Http/Runner.php, line 73
Cake\Http\Middleware\BodyParserMiddleware::process() - CORE/src/Http/Middleware/BodyParserMiddleware.php, line 159
Cake\Http\Runner::handle() - CORE/src/Http/Runner.php, line 73
Cake\Routing\Middleware\RoutingMiddleware::process() - CORE/src/Routing/Middleware/RoutingMiddleware.php, line 166
Cake\Http\Runner::handle() - CORE/src/Http/Runner.php, line 73
Cake\Routing\Middleware\AssetMiddleware::process() - CORE/src/Routing/Middleware/AssetMiddleware.php, line 68
Cake\Http\Runner::handle() - CORE/src/Http/Runner.php, line 73
Cake\Error\Middleware\ErrorHandlerMiddleware::process() - CORE/src/Error/Middleware/ErrorHandlerMiddleware.php, line 121
Cake\Http\Runner::handle() - CORE/src/Http/Runner.php, line 73
Authentication\Middleware\AuthenticationMiddleware::process() - ROOT/vendor/cakephp/authentication/src/Middleware/AuthenticationMiddleware.php, line 124
Cake\Http\Runner::handle() - CORE/src/Http/Runner.php, line 73
DebugKit\Middleware\DebugKitMiddleware::process() - ROOT/vendor/cakephp/debug_kit/src/Middleware/DebugKitMiddleware.php, line 60
Cake\Http\Runner::handle() - CORE/src/Http/Runner.php, line 73
Cake\Http\Runner::run() - CORE/src/Http/Runner.php, line 58
Cake\Http\Server::run() - CORE/src/Http/Server.php, line 90
[main] - ROOT/webroot/index.php, line 40

2020-08-22 10:28:25 Notice: Notice (8): Trying to get property 'Authentication' of non-object in [/var/www/project/src/Controller/UsersController.php, line 27]
Request URL: /users/
Client IP: 172.29.0.1
Trace:
Cake\Error\BaseErrorHandler::handleError() - CORE/src/Error/BaseErrorHandler.php, line 188
DebugKit\Plugin::DebugKit\{closure}() - ROOT/vendor/cakephp/debug_kit/src/Plugin.php, line 105
App\Controller\UsersController::index() - APP/Controller/UsersController.php, line 27
Cake\Controller\Controller::invokeAction() - CORE/src/Controller/Controller.php, line 527
Cake\Controller\ControllerFactory::invoke() - CORE/src/Controller/ControllerFactory.php, line 79
Cake\Http\BaseApplication::handle() - CORE/src/Http/BaseApplication.php, line 251
Cake\Http\Runner::handle() - CORE/src/Http/Runner.php, line 77
Cake\Http\Middleware\CsrfProtectionMiddleware::process() - CORE/src/Http/Middleware/CsrfProtectionMiddleware.php, line 156
Cake\Http\Runner::handle() - CORE/src/Http/Runner.php, line 73
Cake\Http\Middleware\BodyParserMiddleware::process() - CORE/src/Http/Middleware/BodyParserMiddleware.php, line 159
Cake\Http\Runner::handle() - CORE/src/Http/Runner.php, line 73
Cake\Routing\Middleware\RoutingMiddleware::process() - CORE/src/Routing/Middleware/RoutingMiddleware.php, line 166
Cake\Http\Runner::handle() - CORE/src/Http/Runner.php, line 73
Cake\Routing\Middleware\AssetMiddleware::process() - CORE/src/Routing/Middleware/AssetMiddleware.php, line 68
Cake\Http\Runner::handle() - CORE/src/Http/Runner.php, line 73
Cake\Error\Middleware\ErrorHandlerMiddleware::process() - CORE/src/Error/Middleware/ErrorHandlerMiddleware.php, line 121
Cake\Http\Runner::handle() - CORE/src/Http/Runner.php, line 73
Authentication\Middleware\AuthenticationMiddleware::process() - ROOT/vendor/cakephp/authentication/src/Middleware/AuthenticationMiddleware.php, line 124
Cake\Http\Runner::handle() - CORE/src/Http/Runner.php, line 73
DebugKit\Middleware\DebugKitMiddleware::process() - ROOT/vendor/cakephp/debug_kit/src/Middleware/DebugKitMiddleware.php, line 60
Cake\Http\Runner::handle() - CORE/src/Http/Runner.php, line 73
Cake\Http\Runner::run() - CORE/src/Http/Runner.php, line 58
Cake\Http\Server::run() - CORE/src/Http/Server.php, line 90
[main] - ROOT/webroot/index.php, line 40

2020-08-22 10:39:02 Notice: Notice (8): Undefined index: \x00*\x00data in [/var/www/project/src/Controller/UsersController.php, line 28]
Request URL: /users/
Client IP: 172.29.0.1
Trace:
Cake\Error\BaseErrorHandler::handleError() - CORE/src/Error/BaseErrorHandler.php, line 188
DebugKit\Plugin::DebugKit\{closure}() - ROOT/vendor/cakephp/debug_kit/src/Plugin.php, line 105
App\Controller\UsersController::index() - APP/Controller/UsersController.php, line 28
Cake\Controller\Controller::invokeAction() - CORE/src/Controller/Controller.php, line 527
Cake\Controller\ControllerFactory::invoke() - CORE/src/Controller/ControllerFactory.php, line 79
Cake\Http\BaseApplication::handle() - CORE/src/Http/BaseApplication.php, line 251
Cake\Http\Runner::handle() - CORE/src/Http/Runner.php, line 77
Cake\Http\Middleware\CsrfProtectionMiddleware::process() - CORE/src/Http/Middleware/CsrfProtectionMiddleware.php, line 156
Cake\Http\Runner::handle() - CORE/src/Http/Runner.php, line 73
Cake\Http\Middleware\BodyParserMiddleware::process() - CORE/src/Http/Middleware/BodyParserMiddleware.php, line 159
Cake\Http\Runner::handle() - CORE/src/Http/Runner.php, line 73
Cake\Routing\Middleware\RoutingMiddleware::process() - CORE/src/Routing/Middleware/RoutingMiddleware.php, line 166
Cake\Http\Runner::handle() - CORE/src/Http/Runner.php, line 73
Cake\Routing\Middleware\AssetMiddleware::process() - CORE/src/Routing/Middleware/AssetMiddleware.php, line 68
Cake\Http\Runner::handle() - CORE/src/Http/Runner.php, line 73
Cake\Error\Middleware\ErrorHandlerMiddleware::process() - CORE/src/Error/Middleware/ErrorHandlerMiddleware.php, line 121
Cake\Http\Runner::handle() - CORE/src/Http/Runner.php, line 73
Authentication\Middleware\AuthenticationMiddleware::process() - ROOT/vendor/cakephp/authentication/src/Middleware/AuthenticationMiddleware.php, line 124
Cake\Http\Runner::handle() - CORE/src/Http/Runner.php, line 73
DebugKit\Middleware\DebugKitMiddleware::process() - ROOT/vendor/cakephp/debug_kit/src/Middleware/DebugKitMiddleware.php, line 60
Cake\Http\Runner::handle() - CORE/src/Http/Runner.php, line 73
Cake\Http\Runner::run() - CORE/src/Http/Runner.php, line 58
Cake\Http\Server::run() - CORE/src/Http/Server.php, line 90
[main] - ROOT/webroot/index.php, line 40

2020-08-22 10:45:58 Notice: Notice (1024): Undefined property: ProfileController::$Authentication in /var/www/project/src/Controller/ProfileController.php on line 18 in [/var/www/project/vendor/cakephp/cakephp/src/Controller/Controller.php, line 317]
Request URL: /profile
Client IP: 172.29.0.1
Trace:
Cake\Error\BaseErrorHandler::handleError() - CORE/src/Error/BaseErrorHandler.php, line 188
DebugKit\Plugin::DebugKit\{closure}() - ROOT/vendor/cakephp/debug_kit/src/Plugin.php, line 105
Cake\Controller\Controller::__get() - CORE/src/Controller/Controller.php, line 317
App\Controller\ProfileController::initialize() - APP/Controller/ProfileController.php, line 18
Cake\Controller\Controller::__construct() - CORE/src/Controller/Controller.php, line 211
ReflectionClass::newInstance() - [internal], line ??
Cake\Controller\ControllerFactory::create() - CORE/src/Controller/ControllerFactory.php, line 56
Cake\Http\BaseApplication::handle() - CORE/src/Http/BaseApplication.php, line 249
Cake\Http\Runner::handle() - CORE/src/Http/Runner.php, line 77
Cake\Http\Middleware\CsrfProtectionMiddleware::process() - CORE/src/Http/Middleware/CsrfProtectionMiddleware.php, line 156
Cake\Http\Runner::handle() - CORE/src/Http/Runner.php, line 73
Cake\Http\Middleware\BodyParserMiddleware::process() - CORE/src/Http/Middleware/BodyParserMiddleware.php, line 159
Cake\Http\Runner::handle() - CORE/src/Http/Runner.php, line 73
Cake\Routing\Middleware\RoutingMiddleware::process() - CORE/src/Routing/Middleware/RoutingMiddleware.php, line 166
Cake\Http\Runner::handle() - CORE/src/Http/Runner.php, line 73
Cake\Routing\Middleware\AssetMiddleware::process() - CORE/src/Routing/Middleware/AssetMiddleware.php, line 68
Cake\Http\Runner::handle() - CORE/src/Http/Runner.php, line 73
Cake\Error\Middleware\ErrorHandlerMiddleware::process() - CORE/src/Error/Middleware/ErrorHandlerMiddleware.php, line 121
Cake\Http\Runner::handle() - CORE/src/Http/Runner.php, line 73
Authentication\Middleware\AuthenticationMiddleware::process() - ROOT/vendor/cakephp/authentication/src/Middleware/AuthenticationMiddleware.php, line 124
Cake\Http\Runner::handle() - CORE/src/Http/Runner.php, line 73
DebugKit\Middleware\DebugKitMiddleware::process() - ROOT/vendor/cakephp/debug_kit/src/Middleware/DebugKitMiddleware.php, line 60
Cake\Http\Runner::handle() - CORE/src/Http/Runner.php, line 73
Cake\Http\Runner::run() - CORE/src/Http/Runner.php, line 58
Cake\Http\Server::run() - CORE/src/Http/Server.php, line 90
[main] - ROOT/webroot/index.php, line 40

2020-08-22 14:39:40 Notice: Notice (8): Undefined variable: query in [/var/www/project/src/Model/Table/UsersTable.php, line 126]
Trace:
Cake\Error\BaseErrorHandler::handleError() - CORE/src/Error/BaseErrorHandler.php, line 188
DebugKit\Plugin::DebugKit\{closure}() - ROOT/vendor/cakephp/debug_kit/src/Plugin.php, line 105
App\Model\Table\UsersTable::beforeFind() - APP/Model/Table/UsersTable.php, line 126
Cake\Event\EventManager::_callListener() - CORE/src/Event/EventManager.php, line 309
Cake\Event\EventManager::dispatch() - CORE/src/Event/EventManager.php, line 286
Cake\ORM\Table::dispatchEvent() - CORE/src/Event/EventDispatcherTrait.php, line 92
Cake\ORM\Query::triggerBeforeFind() - CORE/src/ORM/Query.php, line 1079
Cake\ORM\Query::_execute() - CORE/src/ORM/Query.php, line 1105
Cake\ORM\Query::_all() - CORE/src/Datasource/QueryTrait.php, line 292
Cake\ORM\Query::all() - CORE/src/ORM/Query.php, line 1059
Cake\ORM\Query::first() - CORE/src/Datasource/QueryTrait.php, line 443
Authentication\Identifier\Resolver\OrmResolver::find() - ROOT/vendor/cakephp/authentication/src/Identifier/Resolver/OrmResolver.php, line 78
Authentication\Identifier\PasswordIdentifier::_findIdentity() - ROOT/vendor/cakephp/authentication/src/Identifier/PasswordIdentifier.php, line 154
Authentication\Identifier\PasswordIdentifier::identify() - ROOT/vendor/cakephp/authentication/src/Identifier/PasswordIdentifier.php, line 99
Authentication\Identifier\IdentifierCollection::identify() - ROOT/vendor/cakephp/authentication/src/Identifier/IdentifierCollection.php, line 52
Authentication\Authenticator\FormAuthenticator::authenticate() - ROOT/vendor/cakephp/authentication/src/Authenticator/FormAuthenticator.php, line 124
Authentication\AuthenticationService::authenticate() - ROOT/vendor/cakephp/authentication/src/AuthenticationService.php, line 182
Authentication\Middleware\AuthenticationMiddleware::process() - ROOT/vendor/cakephp/authentication/src/Middleware/AuthenticationMiddleware.php, line 105
Cake\Http\Runner::handle() - CORE/src/Http/Runner.php, line 73
DebugKit\Middleware\DebugKitMiddleware::process() - ROOT/vendor/cakephp/debug_kit/src/Middleware/DebugKitMiddleware.php, line 60
Cake\Http\Runner::handle() - CORE/src/Http/Runner.php, line 73
Cake\Http\Runner::run() - CORE/src/Http/Runner.php, line 58
Cake\Http\Server::run() - CORE/src/Http/Server.php, line 90
[main] - ROOT/webroot/index.php, line 40

2020-08-22 14:40:23 Notice: Notice (1024): Undefined property: ProfileController::$CoinsOnAuction in /var/www/project/src/Controller/ProfileController.php on line 32 in [/var/www/project/vendor/cakephp/cakephp/src/Controller/Controller.php, line 317]
Request URL: /profile
Client IP: 172.29.0.1
Trace:
Cake\Error\BaseErrorHandler::handleError() - CORE/src/Error/BaseErrorHandler.php, line 188
DebugKit\Plugin::DebugKit\{closure}() - ROOT/vendor/cakephp/debug_kit/src/Plugin.php, line 105
Cake\Controller\Controller::__get() - CORE/src/Controller/Controller.php, line 317
App\Controller\ProfileController::index() - APP/Controller/ProfileController.php, line 32
Cake\Controller\Controller::invokeAction() - CORE/src/Controller/Controller.php, line 527
Cake\Controller\ControllerFactory::invoke() - CORE/src/Controller/ControllerFactory.php, line 79
Cake\Http\BaseApplication::handle() - CORE/src/Http/BaseApplication.php, line 251
Cake\Http\Runner::handle() - CORE/src/Http/Runner.php, line 77
Cake\Http\Middleware\CsrfProtectionMiddleware::process() - CORE/src/Http/Middleware/CsrfProtectionMiddleware.php, line 156
Cake\Http\Runner::handle() - CORE/src/Http/Runner.php, line 73
Cake\Http\Middleware\BodyParserMiddleware::process() - CORE/src/Http/Middleware/BodyParserMiddleware.php, line 159
Cake\Http\Runner::handle() - CORE/src/Http/Runner.php, line 73
Cake\Routing\Middleware\RoutingMiddleware::process() - CORE/src/Routing/Middleware/RoutingMiddleware.php, line 166
Cake\Http\Runner::handle() - CORE/src/Http/Runner.php, line 73
Cake\Routing\Middleware\AssetMiddleware::process() - CORE/src/Routing/Middleware/AssetMiddleware.php, line 68
Cake\Http\Runner::handle() - CORE/src/Http/Runner.php, line 73
Cake\Error\Middleware\ErrorHandlerMiddleware::process() - CORE/src/Error/Middleware/ErrorHandlerMiddleware.php, line 121
Cake\Http\Runner::handle() - CORE/src/Http/Runner.php, line 73
Authentication\Middleware\AuthenticationMiddleware::process() - ROOT/vendor/cakephp/authentication/src/Middleware/AuthenticationMiddleware.php, line 124
Cake\Http\Runner::handle() - CORE/src/Http/Runner.php, line 73
DebugKit\Middleware\DebugKitMiddleware::process() - ROOT/vendor/cakephp/debug_kit/src/Middleware/DebugKitMiddleware.php, line 60
Cake\Http\Runner::handle() - CORE/src/Http/Runner.php, line 73
Cake\Http\Runner::run() - CORE/src/Http/Runner.php, line 58
Cake\Http\Server::run() - CORE/src/Http/Server.php, line 90
[main] - ROOT/webroot/index.php, line 40

2020-08-22 15:55:21 Notice: Notice (1024): Undefined property: ProfileController::$User in /var/www/project/src/Controller/ProfileController.php on line 34 in [/var/www/project/vendor/cakephp/cakephp/src/Controller/Controller.php, line 317]
Request URL: /profile
Client IP: 172.29.0.1
Trace:
Cake\Error\BaseErrorHandler::handleError() - CORE/src/Error/BaseErrorHandler.php, line 188
DebugKit\Plugin::DebugKit\{closure}() - ROOT/vendor/cakephp/debug_kit/src/Plugin.php, line 105
Cake\Controller\Controller::__get() - CORE/src/Controller/Controller.php, line 317
App\Controller\ProfileController::index() - APP/Controller/ProfileController.php, line 34
Cake\Controller\Controller::invokeAction() - CORE/src/Controller/Controller.php, line 527
Cake\Controller\ControllerFactory::invoke() - CORE/src/Controller/ControllerFactory.php, line 79
Cake\Http\BaseApplication::handle() - CORE/src/Http/BaseApplication.php, line 251
Cake\Http\Runner::handle() - CORE/src/Http/Runner.php, line 77
Cake\Http\Middleware\CsrfProtectionMiddleware::process() - CORE/src/Http/Middleware/CsrfProtectionMiddleware.php, line 156
Cake\Http\Runner::handle() - CORE/src/Http/Runner.php, line 73
Cake\Http\Middleware\BodyParserMiddleware::process() - CORE/src/Http/Middleware/BodyParserMiddleware.php, line 159
Cake\Http\Runner::handle() - CORE/src/Http/Runner.php, line 73
Cake\Routing\Middleware\RoutingMiddleware::process() - CORE/src/Routing/Middleware/RoutingMiddleware.php, line 166
Cake\Http\Runner::handle() - CORE/src/Http/Runner.php, line 73
Cake\Routing\Middleware\AssetMiddleware::process() - CORE/src/Routing/Middleware/AssetMiddleware.php, line 68
Cake\Http\Runner::handle() - CORE/src/Http/Runner.php, line 73
Cake\Error\Middleware\ErrorHandlerMiddleware::process() - CORE/src/Error/Middleware/ErrorHandlerMiddleware.php, line 121
Cake\Http\Runner::handle() - CORE/src/Http/Runner.php, line 73
Authentication\Middleware\AuthenticationMiddleware::process() - ROOT/vendor/cakephp/authentication/src/Middleware/AuthenticationMiddleware.php, line 124
Cake\Http\Runner::handle() - CORE/src/Http/Runner.php, line 73
DebugKit\Middleware\DebugKitMiddleware::process() - ROOT/vendor/cakephp/debug_kit/src/Middleware/DebugKitMiddleware.php, line 60
Cake\Http\Runner::handle() - CORE/src/Http/Runner.php, line 73
Cake\Http\Runner::run() - CORE/src/Http/Runner.php, line 58
Cake\Http\Server::run() - CORE/src/Http/Server.php, line 90
[main] - ROOT/webroot/index.php, line 40

2020-08-22 15:55:50 Notice: Notice (8): Trying to get property 'id' of non-object in [/var/www/project/src/Model/Table/UsersTable.php, line 133]
Request URL: /profile
Client IP: 172.29.0.1
Trace:
Cake\Error\BaseErrorHandler::handleError() - CORE/src/Error/BaseErrorHandler.php, line 188
DebugKit\Plugin::DebugKit\{closure}() - ROOT/vendor/cakephp/debug_kit/src/Plugin.php, line 105
App\Model\Table\UsersTable::getUserTransactions() - APP/Model/Table/UsersTable.php, line 133
App\Controller\ProfileController::index() - APP/Controller/ProfileController.php, line 34
Cake\Controller\Controller::invokeAction() - CORE/src/Controller/Controller.php, line 527
Cake\Controller\ControllerFactory::invoke() - CORE/src/Controller/ControllerFactory.php, line 79
Cake\Http\BaseApplication::handle() - CORE/src/Http/BaseApplication.php, line 251
Cake\Http\Runner::handle() - CORE/src/Http/Runner.php, line 77
Cake\Http\Middleware\CsrfProtectionMiddleware::process() - CORE/src/Http/Middleware/CsrfProtectionMiddleware.php, line 156
Cake\Http\Runner::handle() - CORE/src/Http/Runner.php, line 73
Cake\Http\Middleware\BodyParserMiddleware::process() - CORE/src/Http/Middleware/BodyParserMiddleware.php, line 159
Cake\Http\Runner::handle() - CORE/src/Http/Runner.php, line 73
Cake\Routing\Middleware\RoutingMiddleware::process() - CORE/src/Routing/Middleware/RoutingMiddleware.php, line 166
Cake\Http\Runner::handle() - CORE/src/Http/Runner.php, line 73
Cake\Routing\Middleware\AssetMiddleware::process() - CORE/src/Routing/Middleware/AssetMiddleware.php, line 68
Cake\Http\Runner::handle() - CORE/src/Http/Runner.php, line 73
Cake\Error\Middleware\ErrorHandlerMiddleware::process() - CORE/src/Error/Middleware/ErrorHandlerMiddleware.php, line 121
Cake\Http\Runner::handle() - CORE/src/Http/Runner.php, line 73
Authentication\Middleware\AuthenticationMiddleware::process() - ROOT/vendor/cakephp/authentication/src/Middleware/AuthenticationMiddleware.php, line 124
Cake\Http\Runner::handle() - CORE/src/Http/Runner.php, line 73
DebugKit\Middleware\DebugKitMiddleware::process() - ROOT/vendor/cakephp/debug_kit/src/Middleware/DebugKitMiddleware.php, line 60
Cake\Http\Runner::handle() - CORE/src/Http/Runner.php, line 73
Cake\Http\Runner::run() - CORE/src/Http/Runner.php, line 58
Cake\Http\Server::run() - CORE/src/Http/Server.php, line 90
[main] - ROOT/webroot/index.php, line 40

2020-08-22 15:55:50 Notice: Notice (8): Trying to get property 'id' of non-object in [/var/www/project/src/Model/Table/UsersTable.php, line 133]
Request URL: /profile
Client IP: 172.29.0.1
Trace:
Cake\Error\BaseErrorHandler::handleError() - CORE/src/Error/BaseErrorHandler.php, line 188
DebugKit\Plugin::DebugKit\{closure}() - ROOT/vendor/cakephp/debug_kit/src/Plugin.php, line 105
App\Model\Table\UsersTable::getUserTransactions() - APP/Model/Table/UsersTable.php, line 133
App\Controller\ProfileController::index() - APP/Controller/ProfileController.php, line 34
Cake\Controller\Controller::invokeAction() - CORE/src/Controller/Controller.php, line 527
Cake\Controller\ControllerFactory::invoke() - CORE/src/Controller/ControllerFactory.php, line 79
Cake\Http\BaseApplication::handle() - CORE/src/Http/BaseApplication.php, line 251
Cake\Http\Runner::handle() - CORE/src/Http/Runner.php, line 77
Cake\Http\Middleware\CsrfProtectionMiddleware::process() - CORE/src/Http/Middleware/CsrfProtectionMiddleware.php, line 156
Cake\Http\Runner::handle() - CORE/src/Http/Runner.php, line 73
Cake\Http\Middleware\BodyParserMiddleware::process() - CORE/src/Http/Middleware/BodyParserMiddleware.php, line 159
Cake\Http\Runner::handle() - CORE/src/Http/Runner.php, line 73
Cake\Routing\Middleware\RoutingMiddleware::process() - CORE/src/Routing/Middleware/RoutingMiddleware.php, line 166
Cake\Http\Runner::handle() - CORE/src/Http/Runner.php, line 73
Cake\Routing\Middleware\AssetMiddleware::process() - CORE/src/Routing/Middleware/AssetMiddleware.php, line 68
Cake\Http\Runner::handle() - CORE/src/Http/Runner.php, line 73
Cake\Error\Middleware\ErrorHandlerMiddleware::process() - CORE/src/Error/Middleware/ErrorHandlerMiddleware.php, line 121
Cake\Http\Runner::handle() - CORE/src/Http/Runner.php, line 73
Authentication\Middleware\AuthenticationMiddleware::process() - ROOT/vendor/cakephp/authentication/src/Middleware/AuthenticationMiddleware.php, line 124
Cake\Http\Runner::handle() - CORE/src/Http/Runner.php, line 73
DebugKit\Middleware\DebugKitMiddleware::process() - ROOT/vendor/cakephp/debug_kit/src/Middleware/DebugKitMiddleware.php, line 60
Cake\Http\Runner::handle() - CORE/src/Http/Runner.php, line 73
Cake\Http\Runner::run() - CORE/src/Http/Runner.php, line 58
Cake\Http\Server::run() - CORE/src/Http/Server.php, line 90
[main] - ROOT/webroot/index.php, line 40

2020-09-03 18:22:17 Notice: Notice (8): Trying to get property 'bank' of non-object in [/var/www/project/templates/Pages/auction.php, line 4]
Request URL: /auction
Client IP: 172.18.0.1
Trace:
Cake\Error\BaseErrorHandler::handleError() - CORE/src/Error/BaseErrorHandler.php, line 188
DebugKit\Plugin::DebugKit\{closure}() - ROOT/vendor/cakephp/debug_kit/src/Plugin.php, line 105
include - ROOT/templates/Pages/auction.php, line 4
Cake\View\View::_evaluate() - CORE/src/View/View.php, line 1176
Cake\View\View::_render() - CORE/src/View/View.php, line 1134
Cake\View\View::render() - CORE/src/View/View.php, line 764
Cake\Controller\Controller::render() - CORE/src/Controller/Controller.php, line 694
Cake\Controller\Controller::invokeAction() - CORE/src/Controller/Controller.php, line 536
Cake\Controller\ControllerFactory::invoke() - CORE/src/Controller/ControllerFactory.php, line 79
Cake\Http\BaseApplication::handle() - CORE/src/Http/BaseApplication.php, line 251
Cake\Http\Runner::handle() - CORE/src/Http/Runner.php, line 77
Cake\Http\Middleware\CsrfProtectionMiddleware::process() - CORE/src/Http/Middleware/CsrfProtectionMiddleware.php, line 156
Cake\Http\Runner::handle() - CORE/src/Http/Runner.php, line 73
Cake\Http\Middleware\BodyParserMiddleware::process() - CORE/src/Http/Middleware/BodyParserMiddleware.php, line 159
Cake\Http\Runner::handle() - CORE/src/Http/Runner.php, line 73
Cake\Routing\Middleware\RoutingMiddleware::process() - CORE/src/Routing/Middleware/RoutingMiddleware.php, line 166
Cake\Http\Runner::handle() - CORE/src/Http/Runner.php, line 73
Cake\Routing\Middleware\AssetMiddleware::process() - CORE/src/Routing/Middleware/AssetMiddleware.php, line 68
Cake\Http\Runner::handle() - CORE/src/Http/Runner.php, line 73
Cake\Error\Middleware\ErrorHandlerMiddleware::process() - CORE/src/Error/Middleware/ErrorHandlerMiddleware.php, line 121
Cake\Http\Runner::handle() - CORE/src/Http/Runner.php, line 73
Authentication\Middleware\AuthenticationMiddleware::process() - ROOT/vendor/cakephp/authentication/src/Middleware/AuthenticationMiddleware.php, line 124
Cake\Http\Runner::handle() - CORE/src/Http/Runner.php, line 73
DebugKit\Middleware\DebugKitMiddleware::process() - ROOT/vendor/cakephp/debug_kit/src/Middleware/DebugKitMiddleware.php, line 60
Cake\Http\Runner::handle() - CORE/src/Http/Runner.php, line 73
Cake\Http\Runner::run() - CORE/src/Http/Runner.php, line 58
Cake\Http\Server::run() - CORE/src/Http/Server.php, line 90
[main] - ROOT/webroot/index.php, line 40

2020-09-03 18:22:17 Notice: Notice (8): Trying to get property 'name' of non-object in [/var/www/project/templates/Pages/auction.php, line 4]
Request URL: /auction
Client IP: 172.18.0.1
Trace:
Cake\Error\BaseErrorHandler::handleError() - CORE/src/Error/BaseErrorHandler.php, line 188
DebugKit\Plugin::DebugKit\{closure}() - ROOT/vendor/cakephp/debug_kit/src/Plugin.php, line 105
include - ROOT/templates/Pages/auction.php, line 4
Cake\View\View::_evaluate() - CORE/src/View/View.php, line 1176
Cake\View\View::_render() - CORE/src/View/View.php, line 1134
Cake\View\View::render() - CORE/src/View/View.php, line 764
Cake\Controller\Controller::render() - CORE/src/Controller/Controller.php, line 694
Cake\Controller\Controller::invokeAction() - CORE/src/Controller/Controller.php, line 536
Cake\Controller\ControllerFactory::invoke() - CORE/src/Controller/ControllerFactory.php, line 79
Cake\Http\BaseApplication::handle() - CORE/src/Http/BaseApplication.php, line 251
Cake\Http\Runner::handle() - CORE/src/Http/Runner.php, line 77
Cake\Http\Middleware\CsrfProtectionMiddleware::process() - CORE/src/Http/Middleware/CsrfProtectionMiddleware.php, line 156
Cake\Http\Runner::handle() - CORE/src/Http/Runner.php, line 73
Cake\Http\Middleware\BodyParserMiddleware::process() - CORE/src/Http/Middleware/BodyParserMiddleware.php, line 159
Cake\Http\Runner::handle() - CORE/src/Http/Runner.php, line 73
Cake\Routing\Middleware\RoutingMiddleware::process() - CORE/src/Routing/Middleware/RoutingMiddleware.php, line 166
Cake\Http\Runner::handle() - CORE/src/Http/Runner.php, line 73
Cake\Routing\Middleware\AssetMiddleware::process() - CORE/src/Routing/Middleware/AssetMiddleware.php, line 68
Cake\Http\Runner::handle() - CORE/src/Http/Runner.php, line 73
Cake\Error\Middleware\ErrorHandlerMiddleware::process() - CORE/src/Error/Middleware/ErrorHandlerMiddleware.php, line 121
Cake\Http\Runner::handle() - CORE/src/Http/Runner.php, line 73
Authentication\Middleware\AuthenticationMiddleware::process() - ROOT/vendor/cakephp/authentication/src/Middleware/AuthenticationMiddleware.php, line 124
Cake\Http\Runner::handle() - CORE/src/Http/Runner.php, line 73
DebugKit\Middleware\DebugKitMiddleware::process() - ROOT/vendor/cakephp/debug_kit/src/Middleware/DebugKitMiddleware.php, line 60
Cake\Http\Runner::handle() - CORE/src/Http/Runner.php, line 73
Cake\Http\Runner::run() - CORE/src/Http/Runner.php, line 58
Cake\Http\Server::run() - CORE/src/Http/Server.php, line 90
[main] - ROOT/webroot/index.php, line 40

2020-09-03 18:23:05 Notice: Notice (8): Trying to get property 'bank' of non-object in [/var/www/project/templates/Pages/auction.php, line 4]
Request URL: /auction
Client IP: 172.18.0.1
Trace:
Cake\Error\BaseErrorHandler::handleError() - CORE/src/Error/BaseErrorHandler.php, line 188
DebugKit\Plugin::DebugKit\{closure}() - ROOT/vendor/cakephp/debug_kit/src/Plugin.php, line 105
include - ROOT/templates/Pages/auction.php, line 4
Cake\View\View::_evaluate() - CORE/src/View/View.php, line 1176
Cake\View\View::_render() - CORE/src/View/View.php, line 1134
Cake\View\View::render() - CORE/src/View/View.php, line 764
Cake\Controller\Controller::render() - CORE/src/Controller/Controller.php, line 694
Cake\Controller\Controller::invokeAction() - CORE/src/Controller/Controller.php, line 536
Cake\Controller\ControllerFactory::invoke() - CORE/src/Controller/ControllerFactory.php, line 79
Cake\Http\BaseApplication::handle() - CORE/src/Http/BaseApplication.php, line 251
Cake\Http\Runner::handle() - CORE/src/Http/Runner.php, line 77
Cake\Http\Middleware\CsrfProtectionMiddleware::process() - CORE/src/Http/Middleware/CsrfProtectionMiddleware.php, line 156
Cake\Http\Runner::handle() - CORE/src/Http/Runner.php, line 73
Cake\Http\Middleware\BodyParserMiddleware::process() - CORE/src/Http/Middleware/BodyParserMiddleware.php, line 159
Cake\Http\Runner::handle() - CORE/src/Http/Runner.php, line 73
Cake\Routing\Middleware\RoutingMiddleware::process() - CORE/src/Routing/Middleware/RoutingMiddleware.php, line 166
Cake\Http\Runner::handle() - CORE/src/Http/Runner.php, line 73
Cake\Routing\Middleware\AssetMiddleware::process() - CORE/src/Routing/Middleware/AssetMiddleware.php, line 68
Cake\Http\Runner::handle() - CORE/src/Http/Runner.php, line 73
Cake\Error\Middleware\ErrorHandlerMiddleware::process() - CORE/src/Error/Middleware/ErrorHandlerMiddleware.php, line 121
Cake\Http\Runner::handle() - CORE/src/Http/Runner.php, line 73
Authentication\Middleware\AuthenticationMiddleware::process() - ROOT/vendor/cakephp/authentication/src/Middleware/AuthenticationMiddleware.php, line 124
Cake\Http\Runner::handle() - CORE/src/Http/Runner.php, line 73
DebugKit\Middleware\DebugKitMiddleware::process() - ROOT/vendor/cakephp/debug_kit/src/Middleware/DebugKitMiddleware.php, line 60
Cake\Http\Runner::handle() - CORE/src/Http/Runner.php, line 73
Cake\Http\Runner::run() - CORE/src/Http/Runner.php, line 58
Cake\Http\Server::run() - CORE/src/Http/Server.php, line 90
[main] - ROOT/webroot/index.php, line 40

2020-09-03 18:23:05 Notice: Notice (8): Trying to get property 'name' of non-object in [/var/www/project/templates/Pages/auction.php, line 4]
Request URL: /auction
Client IP: 172.18.0.1
Trace:
Cake\Error\BaseErrorHandler::handleError() - CORE/src/Error/BaseErrorHandler.php, line 188
DebugKit\Plugin::DebugKit\{closure}() - ROOT/vendor/cakephp/debug_kit/src/Plugin.php, line 105
include - ROOT/templates/Pages/auction.php, line 4
Cake\View\View::_evaluate() - CORE/src/View/View.php, line 1176
Cake\View\View::_render() - CORE/src/View/View.php, line 1134
Cake\View\View::render() - CORE/src/View/View.php, line 764
Cake\Controller\Controller::render() - CORE/src/Controller/Controller.php, line 694
Cake\Controller\Controller::invokeAction() - CORE/src/Controller/Controller.php, line 536
Cake\Controller\ControllerFactory::invoke() - CORE/src/Controller/ControllerFactory.php, line 79
Cake\Http\BaseApplication::handle() - CORE/src/Http/BaseApplication.php, line 251
Cake\Http\Runner::handle() - CORE/src/Http/Runner.php, line 77
Cake\Http\Middleware\CsrfProtectionMiddleware::process() - CORE/src/Http/Middleware/CsrfProtectionMiddleware.php, line 156
Cake\Http\Runner::handle() - CORE/src/Http/Runner.php, line 73
Cake\Http\Middleware\BodyParserMiddleware::process() - CORE/src/Http/Middleware/BodyParserMiddleware.php, line 159
Cake\Http\Runner::handle() - CORE/src/Http/Runner.php, line 73
Cake\Routing\Middleware\RoutingMiddleware::process() - CORE/src/Routing/Middleware/RoutingMiddleware.php, line 166
Cake\Http\Runner::handle() - CORE/src/Http/Runner.php, line 73
Cake\Routing\Middleware\AssetMiddleware::process() - CORE/src/Routing/Middleware/AssetMiddleware.php, line 68
Cake\Http\Runner::handle() - CORE/src/Http/Runner.php, line 73
Cake\Error\Middleware\ErrorHandlerMiddleware::process() - CORE/src/Error/Middleware/ErrorHandlerMiddleware.php, line 121
Cake\Http\Runner::handle() - CORE/src/Http/Runner.php, line 73
Authentication\Middleware\AuthenticationMiddleware::process() - ROOT/vendor/cakephp/authentication/src/Middleware/AuthenticationMiddleware.php, line 124
Cake\Http\Runner::handle() - CORE/src/Http/Runner.php, line 73
DebugKit\Middleware\DebugKitMiddleware::process() - ROOT/vendor/cakephp/debug_kit/src/Middleware/DebugKitMiddleware.php, line 60
Cake\Http\Runner::handle() - CORE/src/Http/Runner.php, line 73
Cake\Http\Runner::run() - CORE/src/Http/Runner.php, line 58
Cake\Http\Server::run() - CORE/src/Http/Server.php, line 90
[main] - ROOT/webroot/index.php, line 40

2020-09-03 18:23:40 Notice: Notice (8): Array to string conversion in [/var/www/project/templates/Pages/auction.php, line 4]
Request URL: /auction
Client IP: 172.18.0.1
Trace:
Cake\Error\BaseErrorHandler::handleError() - CORE/src/Error/BaseErrorHandler.php, line 188
DebugKit\Plugin::DebugKit\{closure}() - ROOT/vendor/cakephp/debug_kit/src/Plugin.php, line 105
include - ROOT/templates/Pages/auction.php, line 4
Cake\View\View::_evaluate() - CORE/src/View/View.php, line 1176
Cake\View\View::_render() - CORE/src/View/View.php, line 1134
Cake\View\View::render() - CORE/src/View/View.php, line 764
Cake\Controller\Controller::render() - CORE/src/Controller/Controller.php, line 694
Cake\Controller\Controller::invokeAction() - CORE/src/Controller/Controller.php, line 536
Cake\Controller\ControllerFactory::invoke() - CORE/src/Controller/ControllerFactory.php, line 79
Cake\Http\BaseApplication::handle() - CORE/src/Http/BaseApplication.php, line 251
Cake\Http\Runner::handle() - CORE/src/Http/Runner.php, line 77
Cake\Http\Middleware\CsrfProtectionMiddleware::process() - CORE/src/Http/Middleware/CsrfProtectionMiddleware.php, line 156
Cake\Http\Runner::handle() - CORE/src/Http/Runner.php, line 73
Cake\Http\Middleware\BodyParserMiddleware::process() - CORE/src/Http/Middleware/BodyParserMiddleware.php, line 159
Cake\Http\Runner::handle() - CORE/src/Http/Runner.php, line 73
Cake\Routing\Middleware\RoutingMiddleware::process() - CORE/src/Routing/Middleware/RoutingMiddleware.php, line 166
Cake\Http\Runner::handle() - CORE/src/Http/Runner.php, line 73
Cake\Routing\Middleware\AssetMiddleware::process() - CORE/src/Routing/Middleware/AssetMiddleware.php, line 68
Cake\Http\Runner::handle() - CORE/src/Http/Runner.php, line 73
Cake\Error\Middleware\ErrorHandlerMiddleware::process() - CORE/src/Error/Middleware/ErrorHandlerMiddleware.php, line 121
Cake\Http\Runner::handle() - CORE/src/Http/Runner.php, line 73
Authentication\Middleware\AuthenticationMiddleware::process() - ROOT/vendor/cakephp/authentication/src/Middleware/AuthenticationMiddleware.php, line 124
Cake\Http\Runner::handle() - CORE/src/Http/Runner.php, line 73
DebugKit\Middleware\DebugKitMiddleware::process() - ROOT/vendor/cakephp/debug_kit/src/Middleware/DebugKitMiddleware.php, line 60
Cake\Http\Runner::handle() - CORE/src/Http/Runner.php, line 73
Cake\Http\Runner::run() - CORE/src/Http/Runner.php, line 58
Cake\Http\Server::run() - CORE/src/Http/Server.php, line 90
[main] - ROOT/webroot/index.php, line 40

2020-09-03 18:23:54 Notice: Notice (8): Trying to get property 'bank' of non-object in [/var/www/project/templates/Pages/auction.php, line 4]
Request URL: /auction
Client IP: 172.18.0.1
Trace:
Cake\Error\BaseErrorHandler::handleError() - CORE/src/Error/BaseErrorHandler.php, line 188
DebugKit\Plugin::DebugKit\{closure}() - ROOT/vendor/cakephp/debug_kit/src/Plugin.php, line 105
include - ROOT/templates/Pages/auction.php, line 4
Cake\View\View::_evaluate() - CORE/src/View/View.php, line 1176
Cake\View\View::_render() - CORE/src/View/View.php, line 1134
Cake\View\View::render() - CORE/src/View/View.php, line 764
Cake\Controller\Controller::render() - CORE/src/Controller/Controller.php, line 694
Cake\Controller\Controller::invokeAction() - CORE/src/Controller/Controller.php, line 536
Cake\Controller\ControllerFactory::invoke() - CORE/src/Controller/ControllerFactory.php, line 79
Cake\Http\BaseApplication::handle() - CORE/src/Http/BaseApplication.php, line 251
Cake\Http\Runner::handle() - CORE/src/Http/Runner.php, line 77
Cake\Http\Middleware\CsrfProtectionMiddleware::process() - CORE/src/Http/Middleware/CsrfProtectionMiddleware.php, line 156
Cake\Http\Runner::handle() - CORE/src/Http/Runner.php, line 73
Cake\Http\Middleware\BodyParserMiddleware::process() - CORE/src/Http/Middleware/BodyParserMiddleware.php, line 159
Cake\Http\Runner::handle() - CORE/src/Http/Runner.php, line 73
Cake\Routing\Middleware\RoutingMiddleware::process() - CORE/src/Routing/Middleware/RoutingMiddleware.php, line 166
Cake\Http\Runner::handle() - CORE/src/Http/Runner.php, line 73
Cake\Routing\Middleware\AssetMiddleware::process() - CORE/src/Routing/Middleware/AssetMiddleware.php, line 68
Cake\Http\Runner::handle() - CORE/src/Http/Runner.php, line 73
Cake\Error\Middleware\ErrorHandlerMiddleware::process() - CORE/src/Error/Middleware/ErrorHandlerMiddleware.php, line 121
Cake\Http\Runner::handle() - CORE/src/Http/Runner.php, line 73
Authentication\Middleware\AuthenticationMiddleware::process() - ROOT/vendor/cakephp/authentication/src/Middleware/AuthenticationMiddleware.php, line 124
Cake\Http\Runner::handle() - CORE/src/Http/Runner.php, line 73
DebugKit\Middleware\DebugKitMiddleware::process() - ROOT/vendor/cakephp/debug_kit/src/Middleware/DebugKitMiddleware.php, line 60
Cake\Http\Runner::handle() - CORE/src/Http/Runner.php, line 73
Cake\Http\Runner::run() - CORE/src/Http/Runner.php, line 58
Cake\Http\Server::run() - CORE/src/Http/Server.php, line 90
[main] - ROOT/webroot/index.php, line 40

2020-09-03 19:12:21 Notice: Notice (8): compact(): Undefined variable: bids in [/var/www/project/src/Controller/PagesController.php, line 85]
Request URL: /auction
Client IP: 172.18.0.1
Trace:
Cake\Error\BaseErrorHandler::handleError() - CORE/src/Error/BaseErrorHandler.php, line 188
DebugKit\Plugin::DebugKit\{closure}() - ROOT/vendor/cakephp/debug_kit/src/Plugin.php, line 105
compact - [internal], line ??
App\Controller\PagesController::auction() - APP/Controller/PagesController.php, line 85
Cake\Controller\Controller::invokeAction() - CORE/src/Controller/Controller.php, line 527
Cake\Controller\ControllerFactory::invoke() - CORE/src/Controller/ControllerFactory.php, line 79
Cake\Http\BaseApplication::handle() - CORE/src/Http/BaseApplication.php, line 251
Cake\Http\Runner::handle() - CORE/src/Http/Runner.php, line 77
Cake\Http\Middleware\CsrfProtectionMiddleware::process() - CORE/src/Http/Middleware/CsrfProtectionMiddleware.php, line 156
Cake\Http\Runner::handle() - CORE/src/Http/Runner.php, line 73
Cake\Http\Middleware\BodyParserMiddleware::process() - CORE/src/Http/Middleware/BodyParserMiddleware.php, line 159
Cake\Http\Runner::handle() - CORE/src/Http/Runner.php, line 73
Cake\Routing\Middleware\RoutingMiddleware::process() - CORE/src/Routing/Middleware/RoutingMiddleware.php, line 166
Cake\Http\Runner::handle() - CORE/src/Http/Runner.php, line 73
Cake\Routing\Middleware\AssetMiddleware::process() - CORE/src/Routing/Middleware/AssetMiddleware.php, line 68
Cake\Http\Runner::handle() - CORE/src/Http/Runner.php, line 73
Cake\Error\Middleware\ErrorHandlerMiddleware::process() - CORE/src/Error/Middleware/ErrorHandlerMiddleware.php, line 121
Cake\Http\Runner::handle() - CORE/src/Http/Runner.php, line 73
Authentication\Middleware\AuthenticationMiddleware::process() - ROOT/vendor/cakephp/authentication/src/Middleware/AuthenticationMiddleware.php, line 124
Cake\Http\Runner::handle() - CORE/src/Http/Runner.php, line 73
DebugKit\Middleware\DebugKitMiddleware::process() - ROOT/vendor/cakephp/debug_kit/src/Middleware/DebugKitMiddleware.php, line 60
Cake\Http\Runner::handle() - CORE/src/Http/Runner.php, line 73
Cake\Http\Runner::run() - CORE/src/Http/Runner.php, line 58
Cake\Http\Server::run() - CORE/src/Http/Server.php, line 90
[main] - ROOT/webroot/index.php, line 40

